#
# There is insufficient memory for the Java Runtime Environment to continue.
# Native memory allocation (malloc) failed to allocate 1230080 bytes for Chunk::new
# Possible reasons:
#   The system is out of physical RAM or swap space
#   The process is running with CompressedOops enabled, and the Java Heap may be blocking the growth of the native heap
# Possible solutions:
#   Reduce memory load on the system
#   Increase physical memory or swap space
#   Check if swap backing store is full
#   Decrease Java heap size (-Xmx/-Xms)
#   Decrease number of Java threads
#   Decrease Java thread stack sizes (-Xss)
#   Set larger code cache with -XX:ReservedCodeCacheSize=
#   JVM is running with Unscaled Compressed Oops mode in which the Java heap is
#     placed in the first 4GB address space. The Java Heap base address is the
#     maximum limit for the native heap growth. Please use -XX:HeapBaseMinAddress
#     to set the Java Heap base and to place the Java Heap above 4GB virtual address.
# This output file may be truncated or incomplete.
#
#  Out of Memory Error (arena.cpp:168), pid=53744, tid=57988
#
# JRE version: Java(TM) SE Runtime Environment (21.0.2+13) (build 21.0.2+13-LTS-58)
# Java VM: Java HotSpot(TM) 64-Bit Server VM (21.0.2+13-LTS-58, mixed mode, sharing, tiered, compressed oops, compressed class ptrs, g1 gc, windows-amd64)
# No core dump will be written. Minidumps are not enabled by default on client versions of Windows
#

---------------  S U M M A R Y ------------

Command Line: -Dcom.sun.management.jmxremote -Dcom.sun.management.jmxremote.port=57544 -Dcom.sun.management.jmxremote.authenticate=false -Dcom.sun.management.jmxremote.ssl=false -Dspring.jmx.enabled=true -Djava.rmi.server.hostname=localhost -Dspring.application.admin.enabled=true -Dspring.boot.project.name=eClinic -XX:+ShowCodeDetailsInExceptionMessages br.com.eClinic.EClinicApplication

Host: 11th Gen Intel(R) Core(TM) i3-1115G4 @ 3.00GHz, 4 cores, 3G,  Windows 11 , 64 bit Build 26100 (10.0.26100.2454)
Time: Thu Jan  2 15:10:08 2025 Hora oficial do Brasil elapsed time: 2.733614 seconds (0d 0h 0m 2s)

---------------  T H R E A D  ---------------

Current thread (0x0000024232c3fb80):  JavaThread "C2 CompilerThread0" daemon [_thread_in_native, id=57988, stack(0x00000046af400000,0x00000046af500000) (1024K)]


Current CompileTask:
C2:   2733 2528   !   4       java.net.URL::<init> (543 bytes)

Stack: [0x00000046af400000,0x00000046af500000]
Native frames: (J=compiled Java code, j=interpreted, Vv=VM code, C=native code)
V  [jvm.dll+0x6cade9]
V  [jvm.dll+0x8569c1]
V  [jvm.dll+0x858d2e]
V  [jvm.dll+0x859413]
V  [jvm.dll+0x280e56]
V  [jvm.dll+0xc3f3d]
V  [jvm.dll+0xc4473]
V  [jvm.dll+0x3b5c2c]
V  [jvm.dll+0x382855]
V  [jvm.dll+0x381cca]
V  [jvm.dll+0x249bd0]
V  [jvm.dll+0x2491b1]
V  [jvm.dll+0x1c9634]
V  [jvm.dll+0x258859]
V  [jvm.dll+0x256e3a]
V  [jvm.dll+0x3ef6c6]
V  [jvm.dll+0x7ff568]
V  [jvm.dll+0x6c953d]
C  [ucrtbase.dll+0x14ea0]
C  [KERNEL32.DLL+0x2e8d7]
C  [ntdll.dll+0xdfbcc]


---------------  P R O C E S S  ---------------

Threads class SMR info:
_java_thread_list=0x0000024278e7f4c0, length=17, elements={
0x000002421781b7d0, 0x0000024232c23790, 0x0000024232c244e0, 0x0000024232c2b9e0,
0x0000024232c2e8a0, 0x0000024232c2f3f0, 0x0000024232c31da0, 0x0000024232c3fb80,
0x0000024232c40dc0, 0x000002427808c650, 0x0000024278197ea0, 0x00000242788cbdd0,
0x00000242786eedb0, 0x00000242786efae0, 0x0000024278e7d320, 0x0000024278e82260,
0x0000024278faadd0
}

Java Threads: ( => current thread )
  0x000002421781b7d0 JavaThread "main"                              [_thread_blocked, id=55684, stack(0x00000046ae600000,0x00000046ae700000) (1024K)]
  0x0000024232c23790 JavaThread "Reference Handler"          daemon [_thread_blocked, id=56700, stack(0x00000046aee00000,0x00000046aef00000) (1024K)]
  0x0000024232c244e0 JavaThread "Finalizer"                  daemon [_thread_blocked, id=58200, stack(0x00000046aef00000,0x00000046af000000) (1024K)]
  0x0000024232c2b9e0 JavaThread "Signal Dispatcher"          daemon [_thread_blocked, id=51452, stack(0x00000046af000000,0x00000046af100000) (1024K)]
  0x0000024232c2e8a0 JavaThread "Attach Listener"            daemon [_thread_blocked, id=52808, stack(0x00000046af100000,0x00000046af200000) (1024K)]
  0x0000024232c2f3f0 JavaThread "Service Thread"             daemon [_thread_blocked, id=50920, stack(0x00000046af200000,0x00000046af300000) (1024K)]
  0x0000024232c31da0 JavaThread "Monitor Deflation Thread"   daemon [_thread_blocked, id=54432, stack(0x00000046af300000,0x00000046af400000) (1024K)]
=>0x0000024232c3fb80 JavaThread "C2 CompilerThread0"         daemon [_thread_in_native, id=57988, stack(0x00000046af400000,0x00000046af500000) (1024K)]
  0x0000024232c40dc0 JavaThread "C1 CompilerThread0"         daemon [_thread_in_vm, id=58196, stack(0x00000046af500000,0x00000046af600000) (1024K)]
  0x000002427808c650 JavaThread "Common-Cleaner"             daemon [_thread_blocked, id=57492, stack(0x00000046af600000,0x00000046af700000) (1024K)]
  0x0000024278197ea0 JavaThread "Notification Thread"        daemon [_thread_blocked, id=52520, stack(0x00000046af700000,0x00000046af800000) (1024K)]
  0x00000242788cbdd0 JavaThread "RMI TCP Accept-0"           daemon [_thread_in_native, id=52268, stack(0x00000046afb00000,0x00000046afc00000) (1024K)]
  0x00000242786eedb0 JavaThread "RMI TCP Accept-57544"       daemon [_thread_in_native, id=34688, stack(0x00000046afc00000,0x00000046afd00000) (1024K)]
  0x00000242786efae0 JavaThread "RMI TCP Accept-0"           daemon [_thread_in_native, id=56832, stack(0x00000046afd00000,0x00000046afe00000) (1024K)]
  0x0000024278e7d320 JavaThread "Thread-0"                          [_thread_blocked, id=57800, stack(0x00000046afe00000,0x00000046aff00000) (1024K)]
  0x0000024278e82260 JavaThread "restartedMain"                     [_thread_in_native, id=31752, stack(0x00000046aff00000,0x00000046b0000000) (1024K)]
  0x0000024278faadd0 JavaThread "background-preinit"                [_thread_in_native, id=6104, stack(0x00000046b0000000,0x00000046b0100000) (1024K)]
Total: 17

Other Threads:
  0x0000024232c02760 VMThread "VM Thread"                           [id=52044, stack(0x00000046aed00000,0x00000046aee00000) (1024K)]
  0x0000024232beb170 WatcherThread "VM Periodic Task Thread"        [id=56384, stack(0x00000046aec00000,0x00000046aed00000) (1024K)]
  0x0000024217859580 WorkerThread "GC Thread#0"                     [id=39720, stack(0x00000046ae700000,0x00000046ae800000) (1024K)]
  0x000002427876f850 WorkerThread "GC Thread#1"                     [id=48540, stack(0x00000046af800000,0x00000046af900000) (1024K)]
  0x00000242788abb30 WorkerThread "GC Thread#2"                     [id=23784, stack(0x00000046af900000,0x00000046afa00000) (1024K)]
  0x00000242788abed0 WorkerThread "GC Thread#3"                     [id=58104, stack(0x00000046afa00000,0x00000046afb00000) (1024K)]
  0x0000024217861ea0 ConcurrentGCThread "G1 Main Marker"            [id=55236, stack(0x00000046ae800000,0x00000046ae900000) (1024K)]
  0x0000024217863820 WorkerThread "G1 Conc#0"                       [id=57116, stack(0x00000046ae900000,0x00000046aea00000) (1024K)]
  0x0000024232ab40c0 ConcurrentGCThread "G1 Refine#0"               [id=57384, stack(0x00000046aea00000,0x00000046aeb00000) (1024K)]
  0x0000024232ab6350 ConcurrentGCThread "G1 Service"                [id=54996, stack(0x00000046aeb00000,0x00000046aec00000) (1024K)]
Total: 10

Threads with active compile tasks:
C2 CompilerThread0     2773 2528   !   4       java.net.URL::<init> (543 bytes)
C1 CompilerThread0     2773 2619   !   2       org.springframework.util.ConcurrentReferenceHashMap$Segment::doTask (179 bytes)
Total: 2

VM state: not at safepoint (normal execution)

VM Mutex/Monitor currently owned by a thread: None

Heap address: 0x00000000c3600000, size: 970 MB, Compressed Oops mode: 32-bit

CDS archive(s) mapped at: [0x0000024233000000-0x0000024233c90000-0x0000024233c90000), size 13172736, SharedBaseAddress: 0x0000024233000000, ArchiveRelocationMode: 1.
Compressed class space mapped at: 0x0000024234000000-0x0000024274000000, reserved size: 1073741824
Narrow klass base: 0x0000024233000000, Narrow klass shift: 0, Narrow klass range: 0x100000000

GC Precious Log:
 CardTable entry size: 512
 Card Set container configuration: InlinePtr #cards 5 size 8 Array Of Cards #cards 12 size 40 Howl #buckets 4 coarsen threshold 1843 Howl Bitmap #cards 512 size 80 coarsen threshold 460 Card regions per heap region 1 cards per card region 2048
 CPUs: 4 total, 4 available
 Memory: 3879M
 Large Page Support: Disabled
 NUMA Support: Disabled
 Compressed Oops: Enabled (32-bit)
 Heap Region Size: 1M
 Heap Min Capacity: 8M
 Heap Initial Capacity: 62M
 Heap Max Capacity: 970M
 Pre-touch: Disabled
 Parallel Workers: 4
 Concurrent Workers: 1
 Concurrent Refinement Workers: 4
 Periodic GC: Disabled

Heap:
 garbage-first heap   total 63488K, used 28135K [0x00000000c3600000, 0x0000000100000000)
  region size 1024K, 23 young (23552K), 4 survivors (4096K)
 Metaspace       used 18855K, committed 19200K, reserved 1114112K
  class space    used 2367K, committed 2496K, reserved 1048576K

Heap Regions: E=young(eden), S=young(survivor), O=old, HS=humongous(starts), HC=humongous(continues), CS=collection set, F=free, TAMS=top-at-mark-start, PB=parsable bottom
|   0|0x00000000c3600000, 0x00000000c3700000, 0x00000000c3700000|100%|HS|  |TAMS 0x00000000c3600000| PB 0x00000000c3600000| Complete 
|   1|0x00000000c3700000, 0x00000000c3800000, 0x00000000c3800000|100%| O|  |TAMS 0x00000000c3700000| PB 0x00000000c3700000| Untracked 
|   2|0x00000000c3800000, 0x00000000c3900000, 0x00000000c3900000|100%| O|  |TAMS 0x00000000c3800000| PB 0x00000000c3800000| Untracked 
|   3|0x00000000c3900000, 0x00000000c3a00000, 0x00000000c3a00000|100%| O|  |TAMS 0x00000000c3900000| PB 0x00000000c3900000| Untracked 
|   4|0x00000000c3a00000, 0x00000000c3b00000, 0x00000000c3b00000|100%| O|  |TAMS 0x00000000c3a00000| PB 0x00000000c3a00000| Untracked 
|   5|0x00000000c3b00000, 0x00000000c3c00000, 0x00000000c3c00000|100%| O|  |TAMS 0x00000000c3b00000| PB 0x00000000c3b00000| Untracked 
|   6|0x00000000c3c00000, 0x00000000c3cbacd0, 0x00000000c3d00000| 72%| O|  |TAMS 0x00000000c3c00000| PB 0x00000000c3c00000| Untracked 
|   7|0x00000000c3d00000, 0x00000000c3d00000, 0x00000000c3e00000|  0%| F|  |TAMS 0x00000000c3d00000| PB 0x00000000c3d00000| Untracked 
|   8|0x00000000c3e00000, 0x00000000c3e00000, 0x00000000c3f00000|  0%| F|  |TAMS 0x00000000c3e00000| PB 0x00000000c3e00000| Untracked 
|   9|0x00000000c3f00000, 0x00000000c3f00000, 0x00000000c4000000|  0%| F|  |TAMS 0x00000000c3f00000| PB 0x00000000c3f00000| Untracked 
|  10|0x00000000c4000000, 0x00000000c4000000, 0x00000000c4100000|  0%| F|  |TAMS 0x00000000c4000000| PB 0x00000000c4000000| Untracked 
|  11|0x00000000c4100000, 0x00000000c4100000, 0x00000000c4200000|  0%| F|  |TAMS 0x00000000c4100000| PB 0x00000000c4100000| Untracked 
|  12|0x00000000c4200000, 0x00000000c4200000, 0x00000000c4300000|  0%| F|  |TAMS 0x00000000c4200000| PB 0x00000000c4200000| Untracked 
|  13|0x00000000c4300000, 0x00000000c4300000, 0x00000000c4400000|  0%| F|  |TAMS 0x00000000c4300000| PB 0x00000000c4300000| Untracked 
|  14|0x00000000c4400000, 0x00000000c4400000, 0x00000000c4500000|  0%| F|  |TAMS 0x00000000c4400000| PB 0x00000000c4400000| Untracked 
|  15|0x00000000c4500000, 0x00000000c4500000, 0x00000000c4600000|  0%| F|  |TAMS 0x00000000c4500000| PB 0x00000000c4500000| Untracked 
|  16|0x00000000c4600000, 0x00000000c4600000, 0x00000000c4700000|  0%| F|  |TAMS 0x00000000c4600000| PB 0x00000000c4600000| Untracked 
|  17|0x00000000c4700000, 0x00000000c4700000, 0x00000000c4800000|  0%| F|  |TAMS 0x00000000c4700000| PB 0x00000000c4700000| Untracked 
|  18|0x00000000c4800000, 0x00000000c4800000, 0x00000000c4900000|  0%| F|  |TAMS 0x00000000c4800000| PB 0x00000000c4800000| Untracked 
|  19|0x00000000c4900000, 0x00000000c4900000, 0x00000000c4a00000|  0%| F|  |TAMS 0x00000000c4900000| PB 0x00000000c4900000| Untracked 
|  20|0x00000000c4a00000, 0x00000000c4a00000, 0x00000000c4b00000|  0%| F|  |TAMS 0x00000000c4a00000| PB 0x00000000c4a00000| Untracked 
|  21|0x00000000c4b00000, 0x00000000c4b00000, 0x00000000c4c00000|  0%| F|  |TAMS 0x00000000c4b00000| PB 0x00000000c4b00000| Untracked 
|  22|0x00000000c4c00000, 0x00000000c4c00000, 0x00000000c4d00000|  0%| F|  |TAMS 0x00000000c4c00000| PB 0x00000000c4c00000| Untracked 
|  23|0x00000000c4d00000, 0x00000000c4d00000, 0x00000000c4e00000|  0%| F|  |TAMS 0x00000000c4d00000| PB 0x00000000c4d00000| Untracked 
|  24|0x00000000c4e00000, 0x00000000c4e00000, 0x00000000c4f00000|  0%| F|  |TAMS 0x00000000c4e00000| PB 0x00000000c4e00000| Untracked 
|  25|0x00000000c4f00000, 0x00000000c4f00000, 0x00000000c5000000|  0%| F|  |TAMS 0x00000000c4f00000| PB 0x00000000c4f00000| Untracked 
|  26|0x00000000c5000000, 0x00000000c5000000, 0x00000000c5100000|  0%| F|  |TAMS 0x00000000c5000000| PB 0x00000000c5000000| Untracked 
|  27|0x00000000c5100000, 0x00000000c5100000, 0x00000000c5200000|  0%| F|  |TAMS 0x00000000c5100000| PB 0x00000000c5100000| Untracked 
|  28|0x00000000c5200000, 0x00000000c5200000, 0x00000000c5300000|  0%| F|  |TAMS 0x00000000c5200000| PB 0x00000000c5200000| Untracked 
|  29|0x00000000c5300000, 0x00000000c5300000, 0x00000000c5400000|  0%| F|  |TAMS 0x00000000c5300000| PB 0x00000000c5300000| Untracked 
|  30|0x00000000c5400000, 0x00000000c54befc8, 0x00000000c5500000| 74%| S|CS|TAMS 0x00000000c5400000| PB 0x00000000c5400000| Complete 
|  31|0x00000000c5500000, 0x00000000c5600000, 0x00000000c5600000|100%| S|CS|TAMS 0x00000000c5500000| PB 0x00000000c5500000| Complete 
|  32|0x00000000c5600000, 0x00000000c5700000, 0x00000000c5700000|100%| S|CS|TAMS 0x00000000c5600000| PB 0x00000000c5600000| Complete 
|  33|0x00000000c5700000, 0x00000000c5800000, 0x00000000c5800000|100%| S|CS|TAMS 0x00000000c5700000| PB 0x00000000c5700000| Complete 
|  34|0x00000000c5800000, 0x00000000c5800000, 0x00000000c5900000|  0%| F|  |TAMS 0x00000000c5800000| PB 0x00000000c5800000| Untracked 
|  35|0x00000000c5900000, 0x00000000c5900000, 0x00000000c5a00000|  0%| F|  |TAMS 0x00000000c5900000| PB 0x00000000c5900000| Untracked 
|  36|0x00000000c5a00000, 0x00000000c5a00000, 0x00000000c5b00000|  0%| F|  |TAMS 0x00000000c5a00000| PB 0x00000000c5a00000| Untracked 
|  37|0x00000000c5b00000, 0x00000000c5b00000, 0x00000000c5c00000|  0%| F|  |TAMS 0x00000000c5b00000| PB 0x00000000c5b00000| Untracked 
|  38|0x00000000c5c00000, 0x00000000c5c00000, 0x00000000c5d00000|  0%| F|  |TAMS 0x00000000c5c00000| PB 0x00000000c5c00000| Untracked 
|  39|0x00000000c5d00000, 0x00000000c5d00000, 0x00000000c5e00000|  0%| F|  |TAMS 0x00000000c5d00000| PB 0x00000000c5d00000| Untracked 
|  40|0x00000000c5e00000, 0x00000000c5e00000, 0x00000000c5f00000|  0%| F|  |TAMS 0x00000000c5e00000| PB 0x00000000c5e00000| Untracked 
|  41|0x00000000c5f00000, 0x00000000c5f00000, 0x00000000c6000000|  0%| F|  |TAMS 0x00000000c5f00000| PB 0x00000000c5f00000| Untracked 
|  42|0x00000000c6000000, 0x00000000c6000000, 0x00000000c6100000|  0%| F|  |TAMS 0x00000000c6000000| PB 0x00000000c6000000| Untracked 
|  43|0x00000000c6100000, 0x00000000c6163f08, 0x00000000c6200000| 39%| E|  |TAMS 0x00000000c6100000| PB 0x00000000c6100000| Complete 
|  44|0x00000000c6200000, 0x00000000c6300000, 0x00000000c6300000|100%| E|  |TAMS 0x00000000c6200000| PB 0x00000000c6200000| Complete 
|  45|0x00000000c6300000, 0x00000000c6400000, 0x00000000c6400000|100%| E|CS|TAMS 0x00000000c6300000| PB 0x00000000c6300000| Complete 
|  46|0x00000000c6400000, 0x00000000c6500000, 0x00000000c6500000|100%| E|CS|TAMS 0x00000000c6400000| PB 0x00000000c6400000| Complete 
|  47|0x00000000c6500000, 0x00000000c6600000, 0x00000000c6600000|100%| E|CS|TAMS 0x00000000c6500000| PB 0x00000000c6500000| Complete 
|  48|0x00000000c6600000, 0x00000000c6700000, 0x00000000c6700000|100%| E|CS|TAMS 0x00000000c6600000| PB 0x00000000c6600000| Complete 
|  49|0x00000000c6700000, 0x00000000c6800000, 0x00000000c6800000|100%| E|CS|TAMS 0x00000000c6700000| PB 0x00000000c6700000| Complete 
|  50|0x00000000c6800000, 0x00000000c6900000, 0x00000000c6900000|100%| E|CS|TAMS 0x00000000c6800000| PB 0x00000000c6800000| Complete 
|  51|0x00000000c6900000, 0x00000000c6a00000, 0x00000000c6a00000|100%| E|CS|TAMS 0x00000000c6900000| PB 0x00000000c6900000| Complete 
|  52|0x00000000c6a00000, 0x00000000c6b00000, 0x00000000c6b00000|100%| E|CS|TAMS 0x00000000c6a00000| PB 0x00000000c6a00000| Complete 
|  53|0x00000000c6b00000, 0x00000000c6c00000, 0x00000000c6c00000|100%| E|CS|TAMS 0x00000000c6b00000| PB 0x00000000c6b00000| Complete 
|  54|0x00000000c6c00000, 0x00000000c6d00000, 0x00000000c6d00000|100%| E|CS|TAMS 0x00000000c6c00000| PB 0x00000000c6c00000| Complete 
|  55|0x00000000c6d00000, 0x00000000c6e00000, 0x00000000c6e00000|100%| E|CS|TAMS 0x00000000c6d00000| PB 0x00000000c6d00000| Complete 
|  56|0x00000000c6e00000, 0x00000000c6f00000, 0x00000000c6f00000|100%| E|CS|TAMS 0x00000000c6e00000| PB 0x00000000c6e00000| Complete 
|  57|0x00000000c6f00000, 0x00000000c7000000, 0x00000000c7000000|100%| E|CS|TAMS 0x00000000c6f00000| PB 0x00000000c6f00000| Complete 
|  58|0x00000000c7000000, 0x00000000c7100000, 0x00000000c7100000|100%| E|CS|TAMS 0x00000000c7000000| PB 0x00000000c7000000| Complete 
|  59|0x00000000c7100000, 0x00000000c7200000, 0x00000000c7200000|100%| E|CS|TAMS 0x00000000c7100000| PB 0x00000000c7100000| Complete 
|  60|0x00000000c7200000, 0x00000000c7300000, 0x00000000c7300000|100%| E|CS|TAMS 0x00000000c7200000| PB 0x00000000c7200000| Complete 
|  61|0x00000000c7300000, 0x00000000c7400000, 0x00000000c7400000|100%| E|CS|TAMS 0x00000000c7300000| PB 0x00000000c7300000| Complete 

Card table byte_map: [0x000002422f530000,0x000002422f720000] _byte_map_base: 0x000002422ef15000

Marking Bits: (CMBitMap*) 0x0000024217859c80
 Bits: [0x000002422f720000, 0x0000024230648000)

Polling page: 0x00000242178d0000

Metaspace:

Usage:
  Non-class:     16.14 MB used.
      Class:      2.31 MB used.
       Both:     18.45 MB used.

Virtual space:
  Non-class space:       64.00 MB reserved,      16.31 MB ( 25%) committed,  1 nodes.
      Class space:        1.00 GB reserved,       2.44 MB ( <1%) committed,  1 nodes.
             Both:        1.06 GB reserved,      18.75 MB (  2%) committed. 

Chunk freelists:
   Non-Class:  15.62 MB
       Class:  13.44 MB
        Both:  29.06 MB

MaxMetaspaceSize: unlimited
CompressedClassSpaceSize: 1.00 GB
Initial GC threshold: 21.00 MB
Current GC threshold: 21.00 MB
CDS: on
 - commit_granule_bytes: 65536.
 - commit_granule_words: 8192.
 - virtual_space_node_default_size: 8388608.
 - enlarge_chunks_in_place: 1.
 - use_allocation_guard: 0.


Internal statistics:

num_allocs_failed_limit: 0.
num_arena_births: 330.
num_arena_deaths: 0.
num_vsnodes_births: 2.
num_vsnodes_deaths: 0.
num_space_committed: 301.
num_space_uncommitted: 0.
num_chunks_returned_to_freelist: 0.
num_chunks_taken_from_freelist: 810.
num_chunk_merges: 0.
num_chunk_splits: 557.
num_chunks_enlarged: 412.
num_inconsistent_stats: 0.

CodeHeap 'non-profiled nmethods': size=120000Kb used=935Kb max_used=935Kb free=119064Kb
 bounds [0x00000242277f0000, 0x0000024227a60000, 0x000002422ed20000]
CodeHeap 'profiled nmethods': size=120000Kb used=4932Kb max_used=4932Kb free=115067Kb
 bounds [0x000002421fd20000, 0x0000024220200000, 0x0000024227250000]
CodeHeap 'non-nmethods': size=5760Kb used=1581Kb max_used=1592Kb free=4178Kb
 bounds [0x0000024227250000, 0x00000242274c0000, 0x00000242277f0000]
 total_blobs=3130 nmethods=2611 adapters=423
 compilation: enabled
              stopped_count=0, restarted_count=0
 full_count=0

Compilation events (20 events):
Event: 2.692 Thread 0x0000024232c40dc0 nmethod 2595 0x00000242201e6c90 code [0x00000242201e6e60, 0x00000242201e71d8]
Event: 2.692 Thread 0x0000024232c40dc0 2596       3       java.nio.ByteBuffer::<init> (47 bytes)
Event: 2.692 Thread 0x0000024232c40dc0 nmethod 2596 0x00000242201e7390 code [0x00000242201e7540, 0x00000242201e7760]
Event: 2.693 Thread 0x0000024232c40dc0 2590   !   3       jdk.proxy2.$Proxy13::annotationType (29 bytes)
Event: 2.693 Thread 0x0000024232c40dc0 nmethod 2590 0x00000242201e7890 code [0x00000242201e7a60, 0x00000242201e7e60]
Event: 2.698 Thread 0x0000024232c40dc0 2597       3       org.springframework.asm.ClassReader::readUtf (161 bytes)
Event: 2.698 Thread 0x0000024232c40dc0 nmethod 2597 0x00000242201e8010 code [0x00000242201e8200, 0x00000242201e8660]
Event: 2.700 Thread 0x0000024232c40dc0 2599       3       org.springframework.asm.ClassReader::readInt (52 bytes)
Event: 2.700 Thread 0x0000024232c40dc0 nmethod 2599 0x00000242201e8910 code [0x00000242201e8ac0, 0x00000242201e8c98]
Event: 2.700 Thread 0x0000024232c40dc0 2600       3       org.springframework.asm.ClassReader::readUtf (44 bytes)
Event: 2.701 Thread 0x0000024232c40dc0 nmethod 2600 0x00000242201e8e10 code [0x00000242201e9000, 0x00000242201e9400]
Event: 2.701 Thread 0x0000024232c40dc0 2602       3       org.springframework.core.annotation.AnnotationTypeMappings::get (14 bytes)
Event: 2.701 Thread 0x0000024232c40dc0 nmethod 2602 0x00000242201e9590 code [0x00000242201e9740, 0x00000242201e9a08]
Event: 2.701 Thread 0x0000024232c40dc0 2601       3       org.springframework.asm.ClassReader::readUTF8 (23 bytes)
Event: 2.701 Thread 0x0000024232c40dc0 nmethod 2601 0x00000242201e9b10 code [0x00000242201e9ce0, 0x00000242201e9f38]
Event: 2.707 Thread 0x0000024232c40dc0 2604       3       java.util.LinkedHashMap::<init> (17 bytes)
Event: 2.708 Thread 0x0000024232c40dc0 nmethod 2604 0x00000242201ea010 code [0x00000242201ea1c0, 0x00000242201ea318]
Event: 2.711 Thread 0x0000024232c40dc0 2605       3       org.springframework.core.annotation.AnnotationTypeMapping$MirrorSets::size (6 bytes)
Event: 2.728 Thread 0x0000024232c40dc0 nmethod 2605 0x00000242201ea410 code [0x00000242201ea5a0, 0x00000242201ea6b8]
Event: 2.728 Thread 0x0000024232c40dc0 2606       3       java.util.HashSet::<init> (18 bytes)

GC Heap History (6 events):
Event: 0.821 GC heap before
{Heap before GC invocations=0 (full 0):
 garbage-first heap   total 63488K, used 13312K [0x00000000c3600000, 0x0000000100000000)
  region size 1024K, 13 young (13312K), 0 survivors (0K)
 Metaspace       used 4238K, committed 4416K, reserved 1114112K
  class space    used 430K, committed 512K, reserved 1048576K
}
Event: 0.828 GC heap after
{Heap after GC invocations=1 (full 0):
 garbage-first heap   total 63488K, used 6917K [0x00000000c3600000, 0x0000000100000000)
  region size 1024K, 2 young (2048K), 2 survivors (2048K)
 Metaspace       used 4238K, committed 4416K, reserved 1114112K
  class space    used 430K, committed 512K, reserved 1048576K
}
Event: 1.506 GC heap before
{Heap before GC invocations=1 (full 0):
 garbage-first heap   total 63488K, used 18181K [0x00000000c3600000, 0x0000000100000000)
  region size 1024K, 14 young (14336K), 2 survivors (2048K)
 Metaspace       used 8703K, committed 8896K, reserved 1114112K
  class space    used 951K, committed 1024K, reserved 1048576K
}
Event: 1.513 GC heap after
{Heap after GC invocations=2 (full 0):
 garbage-first heap   total 63488K, used 8939K [0x00000000c3600000, 0x0000000100000000)
  region size 1024K, 2 young (2048K), 2 survivors (2048K)
 Metaspace       used 8703K, committed 8896K, reserved 1114112K
  class space    used 951K, committed 1024K, reserved 1048576K
}
Event: 2.340 GC heap before
{Heap before GC invocations=2 (full 0):
 garbage-first heap   total 63488K, used 34539K [0x00000000c3600000, 0x0000000100000000)
  region size 1024K, 28 young (28672K), 2 survivors (2048K)
 Metaspace       used 14679K, committed 14976K, reserved 1114112K
  class space    used 1773K, committed 1920K, reserved 1048576K
}
Event: 2.345 GC heap after
{Heap after GC invocations=3 (full 0):
 garbage-first heap   total 63488K, used 10727K [0x00000000c3600000, 0x0000000100000000)
  region size 1024K, 4 young (4096K), 4 survivors (4096K)
 Metaspace       used 14679K, committed 14976K, reserved 1114112K
  class space    used 1773K, committed 1920K, reserved 1048576K
}

Dll operation events (9 events):
Event: 0.021 Loaded shared library C:\Program Files\Java\jdk-21\bin\java.dll
Event: 0.075 Loaded shared library C:\Program Files\Java\jdk-21\bin\jsvml.dll
Event: 0.280 Loaded shared library C:\Program Files\Java\jdk-21\bin\jimage.dll
Event: 0.288 Loaded shared library C:\Program Files\Java\jdk-21\bin\net.dll
Event: 0.291 Loaded shared library C:\Program Files\Java\jdk-21\bin\nio.dll
Event: 0.296 Loaded shared library C:\Program Files\Java\jdk-21\bin\zip.dll
Event: 0.420 Loaded shared library C:\Program Files\Java\jdk-21\bin\management.dll
Event: 0.438 Loaded shared library C:\Program Files\Java\jdk-21\bin\management_ext.dll
Event: 0.963 Loaded shared library C:\Program Files\Java\jdk-21\bin\extnet.dll

Deoptimization events (20 events):
Event: 2.586 Thread 0x0000024278e82260 Uncommon trap: trap_request=0xffffff45 fr.pc=0x00000242278bb554 relative=0x0000000000001554
Event: 2.586 Thread 0x0000024278e82260 Uncommon trap: reason=unstable_if action=reinterpret pc=0x00000242278bb554 method=java.util.zip.ZipCoder.hash(Ljava/lang/String;)I @ 23 c2
Event: 2.586 Thread 0x0000024278e82260 DEOPT PACKING pc=0x00000242278bb554 sp=0x00000046afffdfd0
Event: 2.586 Thread 0x0000024278e82260 DEOPT UNPACKING pc=0x00000242272a7da2 sp=0x00000046afffde38 mode 2
Event: 2.599 Thread 0x0000024278faadd0 Uncommon trap: trap_request=0xffffff45 fr.pc=0x000002422786c128 relative=0x0000000000000268
Event: 2.599 Thread 0x0000024278faadd0 Uncommon trap: reason=unstable_if action=reinterpret pc=0x000002422786c128 method=java.util.concurrent.ConcurrentHashMap.get(Ljava/lang/Object;)Ljava/lang/Object; @ 76 c2
Event: 2.599 Thread 0x0000024278faadd0 DEOPT PACKING pc=0x000002422786c128 sp=0x00000046b00fdb00
Event: 2.599 Thread 0x0000024278faadd0 DEOPT UNPACKING pc=0x00000242272a7da2 sp=0x00000046b00fda78 mode 2
Event: 2.604 Thread 0x0000024278faadd0 Uncommon trap: trap_request=0xffffffde fr.pc=0x00000242278cd408 relative=0x0000000000000ac8
Event: 2.604 Thread 0x0000024278faadd0 Uncommon trap: reason=class_check action=maybe_recompile pc=0x00000242278cd408 method=java.util.HashMap.putVal(ILjava/lang/Object;Ljava/lang/Object;ZZ)Ljava/lang/Object; @ 203 c2
Event: 2.604 Thread 0x0000024278faadd0 DEOPT PACKING pc=0x00000242278cd408 sp=0x00000046b00fe930
Event: 2.604 Thread 0x0000024278faadd0 DEOPT UNPACKING pc=0x00000242272a7da2 sp=0x00000046b00fe850 mode 2
Event: 2.604 Thread 0x0000024278faadd0 Uncommon trap: trap_request=0xffffffde fr.pc=0x00000242278cd408 relative=0x0000000000000ac8
Event: 2.604 Thread 0x0000024278faadd0 Uncommon trap: reason=class_check action=maybe_recompile pc=0x00000242278cd408 method=java.util.HashMap.putVal(ILjava/lang/Object;Ljava/lang/Object;ZZ)Ljava/lang/Object; @ 203 c2
Event: 2.604 Thread 0x0000024278faadd0 DEOPT PACKING pc=0x00000242278cd408 sp=0x00000046b00fe9f0
Event: 2.604 Thread 0x0000024278faadd0 DEOPT UNPACKING pc=0x00000242272a7da2 sp=0x00000046b00fe910 mode 2
Event: 2.606 Thread 0x0000024278faadd0 Uncommon trap: trap_request=0xffffffde fr.pc=0x00000242278cd408 relative=0x0000000000000ac8
Event: 2.606 Thread 0x0000024278faadd0 Uncommon trap: reason=class_check action=maybe_recompile pc=0x00000242278cd408 method=java.util.HashMap.putVal(ILjava/lang/Object;Ljava/lang/Object;ZZ)Ljava/lang/Object; @ 203 c2
Event: 2.606 Thread 0x0000024278faadd0 DEOPT PACKING pc=0x00000242278cd408 sp=0x00000046b00fe880
Event: 2.606 Thread 0x0000024278faadd0 DEOPT UNPACKING pc=0x00000242272a7da2 sp=0x00000046b00fe7a0 mode 2

Classes loaded (20 events):
Event: 2.686 Loading class jdk/xml/internal/JdkProperty$State
Event: 2.686 Loading class jdk/xml/internal/JdkProperty$State done
Event: 2.686 Loading class com/sun/org/apache/xalan/internal/utils/XMLSecurityPropertyManager
Event: 2.686 Loading class com/sun/org/apache/xalan/internal/utils/FeaturePropertyBase
Event: 2.687 Loading class com/sun/org/apache/xalan/internal/utils/FeaturePropertyBase done
Event: 2.687 Loading class com/sun/org/apache/xalan/internal/utils/XMLSecurityPropertyManager done
Event: 2.687 Loading class com/sun/org/apache/xalan/internal/utils/FeaturePropertyBase$State
Event: 2.687 Loading class com/sun/org/apache/xalan/internal/utils/FeaturePropertyBase$State done
Event: 2.687 Loading class com/sun/org/apache/xalan/internal/utils/XMLSecurityPropertyManager$Property
Event: 2.687 Loading class com/sun/org/apache/xalan/internal/utils/XMLSecurityPropertyManager$Property done
Event: 2.688 Loading class jdk/xml/internal/XMLSecurityManager
Event: 2.689 Loading class jdk/xml/internal/XMLSecurityManager done
Event: 2.689 Loading class jdk/xml/internal/XMLSecurityManager$Limit
Event: 2.689 Loading class jdk/xml/internal/XMLSecurityManager$Limit done
Event: 2.689 Loading class jdk/xml/internal/XMLSecurityManager$Processor
Event: 2.689 Loading class jdk/xml/internal/XMLSecurityManager$Processor done
Event: 2.689 Loading class jdk/xml/internal/XMLSecurityManager$NameMap
Event: 2.690 Loading class jdk/xml/internal/XMLSecurityManager$NameMap done
Event: 2.690 Loading class jdk/xml/internal/JdkProperty
Event: 2.690 Loading class jdk/xml/internal/JdkProperty done

Classes unloaded (0 events):
No events

Classes redefined (0 events):
No events

Internal exceptions (20 events):
Event: 1.905 Thread 0x0000024278e82260 Exception <a 'java/lang/NoSuchMethodError'{0x00000000c668b9d8}: 'void java.lang.invoke.DirectMethodHandle$Holder.invokeSpecial(java.lang.Object, java.lang.Object, java.lang.Object, java.lang.Object, java.lang.Object)'> (0x00000000c668b9d8) 
thrown [s\open\src\hotspot\share\interpreter\linkResolver.cpp, line 773]
Event: 1.916 Thread 0x0000024278e82260 Exception <a 'java/lang/NoSuchMethodError'{0x00000000c66cf220}: 'int java.lang.invoke.DirectMethodHandle$Holder.invokeVirtual(java.lang.Object, java.lang.Object)'> (0x00000000c66cf220) 
thrown [s\open\src\hotspot\share\interpreter\linkResolver.cpp, line 773]
Event: 1.961 Thread 0x0000024278e82260 Exception <a 'java/lang/NoSuchMethodError'{0x00000000c6376858}: 'java.lang.Object java.lang.invoke.DirectMethodHandle$Holder.invokeSpecial(java.lang.Object, java.lang.Object, java.lang.Object, int, java.lang.Object)'> (0x00000000c6376858) 
thrown [s\open\src\hotspot\share\interpreter\linkResolver.cpp, line 773]
Event: 1.961 Thread 0x0000024278e82260 Exception <a 'java/lang/NoSuchMethodError'{0x00000000c637e148}: 'java.lang.Object java.lang.invoke.DirectMethodHandle$Holder.newInvokeSpecial(java.lang.Object, java.lang.Object, java.lang.Object, int, java.lang.Object)'> (0x00000000c637e148) 
thrown [s\open\src\hotspot\share\interpreter\linkResolver.cpp, line 773]
Event: 1.962 Thread 0x0000024278e82260 Exception <a 'java/lang/NoSuchMethodError'{0x00000000c6385600}: 'java.lang.Object java.lang.invoke.Invokers$Holder.linkToTargetMethod(java.lang.Object, java.lang.Object, int, java.lang.Object, java.lang.Object)'> (0x00000000c6385600) 
thrown [s\open\src\hotspot\share\interpreter\linkResolver.cpp, line 773]
Event: 1.963 Thread 0x0000024278e82260 Exception <a 'java/lang/NoSuchMethodError'{0x00000000c6393590}: 'java.lang.Object java.lang.invoke.DirectMethodHandle$Holder.newInvokeSpecial(java.lang.Object, int, java.lang.Object)'> (0x00000000c6393590) 
thrown [s\open\src\hotspot\share\interpreter\linkResolver.cpp, line 773]
Event: 1.963 Thread 0x0000024278e82260 Exception <a 'java/lang/NoSuchMethodError'{0x00000000c6397240}: 'int java.lang.invoke.DirectMethodHandle$Holder.invokeSpecialIFC(java.lang.Object, java.lang.Object, java.lang.Object, java.lang.Object)'> (0x00000000c6397240) 
thrown [s\open\src\hotspot\share\interpreter\linkResolver.cpp, line 773]
Event: 1.981 Thread 0x0000024278e82260 Exception <a 'java/lang/NoSuchMethodError'{0x00000000c626ca40}: 'void java.lang.invoke.DirectMethodHandle$Holder.invokeInterface(java.lang.Object, java.lang.Object, java.lang.Object)'> (0x00000000c626ca40) 
thrown [s\open\src\hotspot\share\interpreter\linkResolver.cpp, line 773]
Event: 2.007 Thread 0x0000024278e82260 Exception <a 'java/lang/NoSuchMethodError'{0x00000000c6113b30}: 'void java.lang.invoke.DirectMethodHandle$Holder.invokeStaticInit(java.lang.Object, java.lang.Object, java.lang.Object)'> (0x00000000c6113b30) 
thrown [s\open\src\hotspot\share\interpreter\linkResolver.cpp, line 773]
Event: 2.010 Thread 0x0000024278e82260 Exception <a 'java/lang/NoSuchMethodError'{0x00000000c614f150}: 'java.lang.Object java.lang.invoke.DirectMethodHandle$Holder.invokeVirtual(java.lang.Object, java.lang.Object, java.lang.Object)'> (0x00000000c614f150) 
thrown [s\open\src\hotspot\share\interpreter\linkResolver.cpp, line 773]
Event: 2.014 Thread 0x0000024278e82260 Exception <a 'java/lang/NoSuchMethodError'{0x00000000c6166358}: 'java.lang.Object java.lang.invoke.DirectMethodHandle$Holder.invokeStatic(java.lang.Object, long, java.lang.Object)'> (0x00000000c6166358) 
thrown [s\open\src\hotspot\share\interpreter\linkResolver.cpp, line 773]
Event: 2.014 Thread 0x0000024278e82260 Exception <a 'java/lang/NoSuchMethodError'{0x00000000c61699b0}: 'java.lang.Object java.lang.invoke.DirectMethodHandle$Holder.invokeStaticInit(java.lang.Object, long, java.lang.Object)'> (0x00000000c61699b0) 
thrown [s\open\src\hotspot\share\interpreter\linkResolver.cpp, line 773]
Event: 2.014 Thread 0x0000024278e82260 Exception <a 'java/lang/NoSuchMethodError'{0x00000000c616f118}: 'java.lang.Object java.lang.invoke.DirectMethodHandle$Holder.newInvokeSpecial(java.lang.Object, long)'> (0x00000000c616f118) 
thrown [s\open\src\hotspot\share\interpreter\linkResolver.cpp, line 773]
Event: 2.030 Thread 0x0000024278e82260 Exception <a 'java/lang/NoSuchMethodError'{0x00000000c61cb990}: 'void java.lang.invoke.DirectMethodHandle$Holder.invokeVirtual(java.lang.Object, java.lang.Object, java.lang.Object, java.lang.Object)'> (0x00000000c61cb990) 
thrown [s\open\src\hotspot\share\interpreter\linkResolver.cpp, line 773]
Event: 2.117 Thread 0x0000024278e82260 Exception <a 'java/lang/IncompatibleClassChangeError'{0x00000000c5f72e28}: Found class java.lang.Object, but interface was expected> (0x00000000c5f72e28) 
thrown [s\open\src\hotspot\share\interpreter\linkResolver.cpp, line 840]
Event: 2.139 Thread 0x0000024278e82260 Exception <a 'java/lang/NoSuchMethodError'{0x00000000c5faeae0}: 'java.lang.Object java.lang.invoke.DirectMethodHandle$Holder.invokeStaticInit(java.lang.Object, int)'> (0x00000000c5faeae0) 
thrown [s\open\src\hotspot\share\interpreter\linkResolver.cpp, line 773]
Event: 2.143 Thread 0x0000024278e82260 Exception <a 'java/lang/NoSuchMethodError'{0x00000000c5fb8de0}: 'java.lang.Object java.lang.invoke.DirectMethodHandle$Holder.invokeStatic(java.lang.Object, int, java.lang.Object)'> (0x00000000c5fb8de0) 
thrown [s\open\src\hotspot\share\interpreter\linkResolver.cpp, line 773]
Event: 2.143 Thread 0x0000024278e82260 Exception <a 'java/lang/NoSuchMethodError'{0x00000000c5fbc430}: 'java.lang.Object java.lang.invoke.DirectMethodHandle$Holder.invokeStaticInit(java.lang.Object, int, java.lang.Object)'> (0x00000000c5fbc430) 
thrown [s\open\src\hotspot\share\interpreter\linkResolver.cpp, line 773]
Event: 2.589 Thread 0x0000024278e82260 Exception <a 'java/lang/NoSuchMethodError'{0x00000000c69c41a8}: 'int java.lang.invoke.DirectMethodHandle$Holder.invokeSpecial(java.lang.Object, java.lang.Object, java.lang.Object, java.lang.Object, java.lang.Object)'> (0x00000000c69c41a8) 
thrown [s\open\src\hotspot\share\interpreter\linkResolver.cpp, line 773]
Event: 2.592 Thread 0x0000024278e82260 Exception <a 'java/lang/NoSuchMethodError'{0x00000000c69cbfb8}: 'void java.lang.invoke.DirectMethodHandle$Holder.invokeVirtual(java.lang.Object, java.lang.Object)'> (0x00000000c69cbfb8) 
thrown [s\open\src\hotspot\share\interpreter\linkResolver.cpp, line 773]

ZGC Phase Switch (0 events):
No events

VM Operations (20 events):
Event: 1.068 Executing VM operation: HandshakeAllThreads (Deoptimize)
Event: 1.068 Executing VM operation: HandshakeAllThreads (Deoptimize) done
Event: 1.506 Executing VM operation: G1CollectForAllocation (G1 Evacuation Pause)
Event: 1.513 Executing VM operation: G1CollectForAllocation (G1 Evacuation Pause) done
Event: 1.653 Executing VM operation: HandshakeAllThreads (Deoptimize)
Event: 1.653 Executing VM operation: HandshakeAllThreads (Deoptimize) done
Event: 1.913 Executing VM operation: HandshakeAllThreads (Deoptimize)
Event: 1.913 Executing VM operation: HandshakeAllThreads (Deoptimize) done
Event: 2.016 Executing VM operation: ICBufferFull
Event: 2.016 Executing VM operation: ICBufferFull done
Event: 2.104 Executing VM operation: HandshakeAllThreads (Deoptimize)
Event: 2.104 Executing VM operation: HandshakeAllThreads (Deoptimize) done
Event: 2.105 Executing VM operation: HandshakeAllThreads (Deoptimize)
Event: 2.105 Executing VM operation: HandshakeAllThreads (Deoptimize) done
Event: 2.340 Executing VM operation: G1CollectForAllocation (G1 Evacuation Pause)
Event: 2.345 Executing VM operation: G1CollectForAllocation (G1 Evacuation Pause) done
Event: 2.506 Executing VM operation: HandshakeAllThreads (Deoptimize)
Event: 2.506 Executing VM operation: HandshakeAllThreads (Deoptimize) done
Event: 2.565 Executing VM operation: HandshakeAllThreads (Deoptimize)
Event: 2.565 Executing VM operation: HandshakeAllThreads (Deoptimize) done

Events (17 events):
Event: 0.045 Thread 0x000002421781b7d0 Thread added: 0x000002421781b7d0
Event: 0.071 Thread 0x0000024232c23790 Thread added: 0x0000024232c23790
Event: 0.072 Thread 0x0000024232c244e0 Thread added: 0x0000024232c244e0
Event: 0.072 Thread 0x0000024232c2b9e0 Thread added: 0x0000024232c2b9e0
Event: 0.072 Thread 0x0000024232c2e8a0 Thread added: 0x0000024232c2e8a0
Event: 0.072 Thread 0x0000024232c2f3f0 Thread added: 0x0000024232c2f3f0
Event: 0.072 Thread 0x0000024232c31da0 Thread added: 0x0000024232c31da0
Event: 0.072 Thread 0x0000024232c3fb80 Thread added: 0x0000024232c3fb80
Event: 0.072 Thread 0x0000024232c40dc0 Thread added: 0x0000024232c40dc0
Event: 0.256 Thread 0x000002427808c650 Thread added: 0x000002427808c650
Event: 0.274 Thread 0x0000024278197ea0 Thread added: 0x0000024278197ea0
Event: 0.967 Thread 0x00000242788cbdd0 Thread added: 0x00000242788cbdd0
Event: 0.983 Thread 0x00000242786eedb0 Thread added: 0x00000242786eedb0
Event: 1.009 Thread 0x00000242786efae0 Thread added: 0x00000242786efae0
Event: 1.564 Thread 0x0000024278e7d320 Thread added: 0x0000024278e7d320
Event: 1.570 Thread 0x0000024278e82260 Thread added: 0x0000024278e82260
Event: 2.114 Thread 0x0000024278faadd0 Thread added: 0x0000024278faadd0


Dynamic libraries:
0x00007ff60e530000 - 0x00007ff60e540000 	C:\Program Files\Java\jdk-21\bin\java.exe
0x00007ffcc50a0000 - 0x00007ffcc5303000 	C:\WINDOWS\SYSTEM32\ntdll.dll
0x00007ffcc4060000 - 0x00007ffcc4128000 	C:\WINDOWS\System32\KERNEL32.DLL
0x00007ffcc2470000 - 0x00007ffcc2822000 	C:\WINDOWS\System32\KERNELBASE.dll
0x00007ffcc2a70000 - 0x00007ffcc2bbb000 	C:\WINDOWS\System32\ucrtbase.dll
0x00007ffc762c0000 - 0x00007ffc762d9000 	C:\Program Files\Java\jdk-21\bin\jli.dll
0x00007ffc73890000 - 0x00007ffc738ab000 	C:\Program Files\Java\jdk-21\bin\VCRUNTIME140.dll
0x00007ffcc3290000 - 0x00007ffcc3344000 	C:\WINDOWS\System32\ADVAPI32.dll
0x00007ffcc3fb0000 - 0x00007ffcc4059000 	C:\WINDOWS\System32\msvcrt.dll
0x00007ffcc3470000 - 0x00007ffcc3516000 	C:\WINDOWS\System32\sechost.dll
0x00007ffcc3c30000 - 0x00007ffcc3d46000 	C:\WINDOWS\System32\RPCRT4.dll
0x00007ffcc3700000 - 0x00007ffcc38c8000 	C:\WINDOWS\System32\USER32.dll
0x00007ffcc2830000 - 0x00007ffcc2857000 	C:\WINDOWS\System32\win32u.dll
0x00007ffcc4220000 - 0x00007ffcc424a000 	C:\WINDOWS\System32\GDI32.dll
0x00007ffcad2b0000 - 0x00007ffcad540000 	C:\WINDOWS\WinSxS\amd64_microsoft.windows.common-controls_6595b64144ccf1df_6.0.26100.2454_none_3e0b68a2e331ad60\COMCTL32.dll
0x00007ffcc2d40000 - 0x00007ffcc2e6b000 	C:\WINDOWS\System32\gdi32full.dll
0x00007ffcc29c0000 - 0x00007ffcc2a63000 	C:\WINDOWS\System32\msvcp_win.dll
0x00007ffcb0b10000 - 0x00007ffcb0b1b000 	C:\WINDOWS\SYSTEM32\VERSION.dll
0x00007ffcc3f70000 - 0x00007ffcc3f9f000 	C:\WINDOWS\System32\IMM32.DLL
0x00007ffcac4f0000 - 0x00007ffcac4fc000 	C:\Program Files\Java\jdk-21\bin\vcruntime140_1.dll
0x00007ffc5a870000 - 0x00007ffc5a8fe000 	C:\Program Files\Java\jdk-21\bin\msvcp140.dll
0x00007ffc22780000 - 0x00007ffc23497000 	C:\Program Files\Java\jdk-21\bin\server\jvm.dll
0x00007ffcc33f0000 - 0x00007ffcc3464000 	C:\WINDOWS\System32\WS2_32.dll
0x00007ffcb7ea0000 - 0x00007ffcb7ed6000 	C:\WINDOWS\SYSTEM32\WINMM.dll
0x00007ffcc2300000 - 0x00007ffcc234e000 	C:\WINDOWS\SYSTEM32\POWRPROF.dll
0x00007ffcc22e0000 - 0x00007ffcc22f4000 	C:\WINDOWS\SYSTEM32\UMPDC.dll
0x00007ffcc1280000 - 0x00007ffcc129a000 	C:\WINDOWS\SYSTEM32\kernel.appcore.dll
0x00007ffca9980000 - 0x00007ffca998a000 	C:\Program Files\Java\jdk-21\bin\jimage.dll
0x00007ffcbf2a0000 - 0x00007ffcbf4e1000 	C:\WINDOWS\SYSTEM32\DBGHELP.DLL
0x00007ffcc2f00000 - 0x00007ffcc327e000 	C:\WINDOWS\System32\combase.dll
0x00007ffcc4860000 - 0x00007ffcc4936000 	C:\WINDOWS\System32\OLEAUT32.dll
0x00007ffc9d6a0000 - 0x00007ffc9d6d9000 	C:\WINDOWS\SYSTEM32\dbgcore.DLL
0x00007ffcc2860000 - 0x00007ffcc28f9000 	C:\WINDOWS\System32\bcryptPrimitives.dll
0x00007ffc73330000 - 0x00007ffc7334f000 	C:\Program Files\Java\jdk-21\bin\java.dll
0x00007ffcc4950000 - 0x00007ffcc5050000 	C:\WINDOWS\System32\SHELL32.dll
0x00007ffcc0150000 - 0x00007ffcc0981000 	C:\WINDOWS\SYSTEM32\windows.storage.dll
0x00007ffcc4760000 - 0x00007ffcc483a000 	C:\WINDOWS\System32\SHCORE.dll
0x00007ffcc3a30000 - 0x00007ffcc3a8d000 	C:\WINDOWS\System32\shlwapi.dll
0x00007ffcc2380000 - 0x00007ffcc23ae000 	C:\WINDOWS\SYSTEM32\profapi.dll
0x00007ffc5a790000 - 0x00007ffc5a867000 	C:\Program Files\Java\jdk-21\bin\jsvml.dll
0x00007ffca89a0000 - 0x00007ffca89b0000 	C:\Program Files\Java\jdk-21\bin\net.dll
0x00007ffcbb810000 - 0x00007ffcbb936000 	C:\WINDOWS\SYSTEM32\WINHTTP.dll
0x00007ffcc1790000 - 0x00007ffcc17f8000 	C:\WINDOWS\system32\mswsock.dll
0x00007ffc70560000 - 0x00007ffc70576000 	C:\Program Files\Java\jdk-21\bin\nio.dll
0x00007ffc6fe00000 - 0x00007ffc6fe18000 	C:\Program Files\Java\jdk-21\bin\zip.dll
0x00007ffca87c0000 - 0x00007ffca87ca000 	C:\Program Files\Java\jdk-21\bin\management.dll
0x00007ffca8520000 - 0x00007ffca852b000 	C:\Program Files\Java\jdk-21\bin\management_ext.dll
0x00007ffcc4940000 - 0x00007ffcc4948000 	C:\WINDOWS\System32\PSAPI.DLL
0x00007ffca2f80000 - 0x00007ffca2f98000 	C:\WINDOWS\system32\napinsp.dll
0x00007ffcc0e20000 - 0x00007ffcc0f45000 	C:\WINDOWS\SYSTEM32\DNSAPI.dll
0x00007ffcc0d50000 - 0x00007ffcc0d82000 	C:\WINDOWS\SYSTEM32\IPHLPAPI.DLL
0x00007ffcc33e0000 - 0x00007ffcc33ea000 	C:\WINDOWS\System32\NSI.dll
0x00007ffca2f60000 - 0x00007ffca2f72000 	C:\WINDOWS\System32\winrnr.dll
0x00007ffca2eb0000 - 0x00007ffca2ed2000 	C:\WINDOWS\system32\nlansp_c.dll
0x00007ffcb1f70000 - 0x00007ffcb1f86000 	C:\WINDOWS\system32\wshbth.dll
0x00007ffcbb320000 - 0x00007ffcbb32b000 	C:\Windows\System32\rasadhlp.dll
0x00007ffcbd8b0000 - 0x00007ffcbd935000 	C:\WINDOWS\System32\fwpuclnt.dll
0x00007ffcc1a50000 - 0x00007ffcc1a6c000 	C:\WINDOWS\SYSTEM32\CRYPTSP.dll
0x00007ffcc11e0000 - 0x00007ffcc1218000 	C:\WINDOWS\system32\rsaenh.dll
0x00007ffcc1830000 - 0x00007ffcc185b000 	C:\WINDOWS\SYSTEM32\USERENV.dll
0x00007ffcc1c90000 - 0x00007ffcc1cb6000 	C:\WINDOWS\SYSTEM32\bcrypt.dll
0x00007ffcc1a70000 - 0x00007ffcc1a7c000 	C:\WINDOWS\SYSTEM32\CRYPTBASE.dll
0x00007ffca6c40000 - 0x00007ffca6c49000 	C:\Program Files\Java\jdk-21\bin\extnet.dll

dbghelp: loaded successfully - version: 4.0.5 - missing functions: none
symbol engine: initialized successfully - sym options: 0x614 - pdb path: .;C:\Program Files\Java\jdk-21\bin;C:\WINDOWS\SYSTEM32;C:\WINDOWS\WinSxS\amd64_microsoft.windows.common-controls_6595b64144ccf1df_6.0.26100.2454_none_3e0b68a2e331ad60;C:\Program Files\Java\jdk-21\bin\server

VM Arguments:
jvm_args: -Dcom.sun.management.jmxremote -Dcom.sun.management.jmxremote.port=57544 -Dcom.sun.management.jmxremote.authenticate=false -Dcom.sun.management.jmxremote.ssl=false -Dspring.jmx.enabled=true -Djava.rmi.server.hostname=localhost -Dspring.application.admin.enabled=true -Dspring.boot.project.name=eClinic -XX:+ShowCodeDetailsInExceptionMessages 
java_command: br.com.eClinic.EClinicApplication
java_class_path (initial): C:\Users\rodri\eClinic-backend\target\classes;C:\Users\rodri\.m2\repository\org\springframework\boot\spring-boot-starter-data-jpa\3.3.6\spring-boot-starter-data-jpa-3.3.6.jar;C:\Users\rodri\.m2\repository\org\springframework\boot\spring-boot-starter-aop\3.3.6\spring-boot-starter-aop-3.3.6.jar;C:\Users\rodri\.m2\repository\org\springframework\spring-aop\6.1.15\spring-aop-6.1.15.jar;C:\Users\rodri\.m2\repository\org\aspectj\aspectjweaver\1.9.22.1\aspectjweaver-1.9.22.1.jar;C:\Users\rodri\.m2\repository\org\springframework\boot\spring-boot-starter-jdbc\3.3.6\spring-boot-starter-jdbc-3.3.6.jar;C:\Users\rodri\.m2\repository\com\zaxxer\HikariCP\5.1.0\HikariCP-5.1.0.jar;C:\Users\rodri\.m2\repository\org\springframework\spring-jdbc\6.1.15\spring-jdbc-6.1.15.jar;C:\Users\rodri\.m2\repository\org\hibernate\orm\hibernate-core\6.5.3.Final\hibernate-core-6.5.3.Final.jar;C:\Users\rodri\.m2\repository\jakarta\persistence\jakarta.persistence-api\3.1.0\jakarta.persistence-api-3.1.0.jar;C:\Users\rodri\.m2\repository\jakarta\transaction\jakarta.transaction-api\2.0.1\jakarta.transaction-api-2.0.1.jar;C:\Users\rodri\.m2\repository\org\jboss\logging\jboss-logging\3.5.3.Final\jboss-logging-3.5.3.Final.jar;C:\Users\rodri\.m2\repository\org\hibernate\common\hibernate-commons-annotations\6.0.6.Final\hibernate-commons-annotations-6.0.6.Final.jar;C:\Users\rodri\.m2\repository\io\smallrye\jandex\3.1.2\jandex-3.1.2.jar;C:\Users\rodri\.m2\repository\com\fasterxml\classmate\1.7.0\classmate-1.7.0.jar;C:\Users\rodri\.m2\repository\net\bytebuddy\byte-buddy\1.14.19\byte-buddy-1.14.19.jar;C:\Users\rodri\.m2\repository\org\glassfish\jaxb\jaxb-runtime\4.0.5\jaxb-runtime-4.0.5.jar;C:\Users\rodri\.m2\repository\org\glassfish\jaxb\jaxb-core\4.0.5\jaxb-core-4.0.5.jar;C:\Users\rodri\.m2\repository\org\glassfish\jaxb\txw2\4.0.5\txw2-4.0.5.jar;C:\Users\rodri\.m2\repository\com\sun\istack\istack-commons-runtime\4.1.2\istack-commons-runtime-4.1.2.jar;C:\Users\rodri\.m2\repository\jakarta\inject\jakarta.inject-api\2.0.1\jakarta.inject-api-2.0.1.jar;C:\Users\rodri\.m2\repository\org\antlr\antlr4-runtime\4.13.0\antlr4-runtime-4.13.0.jar;C:\Users\rodri\.m2\repository\org\springframework\data\spring-data-jpa\3.3.6\spring-data-jpa-3.3.6.jar;C:\Users\rodri\.m2\repository\org\springframework\data\spring-data-commons\3.3.6\spring-data-commons-3.3.6.jar;C:\Users\rodri\.m2\repository\org\springframework\spring-orm\6.1.15\spring-orm-6.1.15.jar;C:\Users\rodri\.m2\repository\org\springframework\spring-context\6.1.15\spring-context-6.1.15.jar;C:\Users\rodri\.m2\repository\org\springframework\spring-tx\6.1.15\spring-tx-6.1.15.jar;C:\Users\rodri\.m2\repository\org\springframework\spring-beans\6.1.15\spring-beans-6.1.15.jar;C:\Users\rodri\.m2\repository\jakarta\annotation\jakarta.annotation-api\2.1.1\jakarta.annotation-api-2.1.1.jar;C:\Users\rodri\.m2\repository\org\slf4j\slf4j-api\2.0.16\slf4j-api-2.0.16.jar;C:\Users\rodri\.m2\repository\org\springframework\spring-aspects\6.1.15\spring-aspects-6.1.15.jar;C:\Users\rodri\.m2\repository\org\postgresql\postgresql\42.7.4\postgresql-42.7.4.jar;C:\Users\rodri\.m2\repository\org\checkerframework\checker-qual\3.42.0\checker-qual-3.42.0.jar;C:\Users\rodri\.m2\repository\org\springframework\boot\spring-boot-starter-data-rest\3.3.6\spring-boot-starter-data-rest-3.3.6.jar;C:\Users\rodri\.m2\repository\org\springframework\data\spring-data-rest-webmvc\4.3.6\spring-data-rest-webmvc-4.3.6.jar;C:\Users\rodri\.m2\repository\org\springframework\data\spring-data-rest-core\4.3.6\spring-data-rest-core-4.3.6.jar;C:\Users\rodri\.m2\repository\org\atteo\evo-inflector\1.3\evo-inflector-1.3.jar;C:\Users\rodri\.m2\repository\org\springframework\boot\spring-boot-starter-hateoas\3.3.6\spring-boot-starter-hateoas-3.3.6.jar;C:\Users\rodri\.m2\repository\org\springframework\hateoas\spring-hateoas\2.3.3\spring-hateoas-2.3.3.jar;C:\Users\rodri\.m2\repository\org\springframework\plugin\spring-plugin-core\3.0.0\spring-plugin-core-3.0.0.jar;C:\Users\rodri\.m2\repository\com\fasterxml\jackson\core\jackson-databind\2.17.3\jackson-databind-2.17.3.jar;C:\Users\rodri\.m2\repository\com\fasterxml\jackson\core\jackson-annotations\2.17.3\jackson-annotations-2.17.3.jar;C:\Users\rodri\.m2\repository\com\fasterxml\jackson\core\jackson-core\2.17.3\jackson-core-2.17.3.jar;C:\Users\rodri\.m2\repository\org\springframework\boot\spring-boot-starter-thymeleaf\3.3.6\spring-boot-starter-thymeleaf-3.3.6.jar;C:\Users\rodri\.m2\repository\org\springframework\boot\spring-boot-starter\3.3.6\spring-boot-starter-3.3.6.jar;C:\Users\rodri\.m2\repository\org\springframework\boot\spring-boot-starter-logging\3.3.6\spring-boot-starter-logging-3.3.6.jar;C:\Users\rodri\.m2\repository\ch\qos\logback\logback-classic\1.5.12\logback-classic-1.5.12.jar;C:\Users\rodri\.m2\repository\ch\qos\logback\logback-core\1.5.12\logback-core-1.5.12.jar;C:\Users\rodri\.m2\repository\org\apache\logging\log4j\log4j-to-slf4j\2.23.1\log4j-to-slf4j-2.23.1.jar;C:\Users\rodri\.m2\repository\org\apache\logging\log4j\log4j-api\2.23.1\log4j-api-2.23.1.jar;C:\Users\rodri\.m2\repository\org\slf4j\jul-to-slf4j\2.0.16\jul-to-slf4j-2.0.16.jar;C:\Users\rodri\.m2\repository\org\yaml\snakeyaml\2.2\snakeyaml-2.2.jar;C:\Users\rodri\.m2\repository\org\thymeleaf\thymeleaf-spring6\3.1.2.RELEASE\thymeleaf-spring6-3.1.2.RELEASE.jar;C:\Users\rodri\.m2\repository\org\thymeleaf\thymeleaf\3.1.2.RELEASE\thymeleaf-3.1.2.RELEASE.jar;C:\Users\rodri\.m2\repository\org\attoparser\attoparser\2.0.7.RELEASE\attoparser-2.0.7.RELEASE.jar;C:\Users\rodri\.m2\repository\org\unbescape\unbescape\1.1.6.RELEASE\unbescape-1.1.6.RELEASE.jar;C:\Users\rodri\.m2\repository\org\springframework\boot\spring-boot-starter-validation\3.3.6\spring-boot-starter-validation-3.3.6.jar;C:\Users\rodri\.m2\repository\org\apache\tomcat\embed\tomcat-embed-el\10.1.33\tomcat-embed-el-10.1.33.jar;C:\Users\rodri\.m2\repository\org\hibernate\validator\hibernate-validator\8.0.1.Final\hibernate-validator-8.0.1.Final.jar;C:\Users\rodri\.m2\repository\jakarta\validation\jakarta.validation-api\3.0.2\jakarta.validation-api-3.0.2.jar;C:\Users\rodri\.m2\repository\org\springframework\boot\spring-boot-starter-web\3.3.6\spring-boot-starter-web-3.3.6.jar;C:\Users\rodri\.m2\repository\org\springframework\boot\spring-boot-starter-json\3.3.6\spring-boot-starter-json-3.3.6.jar;C:\Users\rodri\.m2\repository\com\fasterxml\jackson\datatype\jackson-datatype-jdk8\2.17.3\jackson-datatype-jdk8-2.17.3.jar;C:\Users\rodri\.m2\repository\com\fasterxml\jackson\datatype\jackson-datatype-jsr310\2.17.3\jackson-datatype-jsr310-2.17.3.jar;C:\Users\rodri\.m2\repository\com\fasterxml\jackson\module\jackson-module-parameter-names\2.17.3\jackson-module-parameter-names-2.17.3.jar;C:\Users\rodri\.m2\repository\org\springframework\boot\spring-boot-starter-tomcat\3.3.6\spring-boot-starter-tomcat-3.3.6.jar;C:\Users\rodri\.m2\repository\org\apache\tomcat\embed\tomcat-embed-core\10.1.33\tomcat-embed-core-10.1.33.jar;C:\Users\rodri\.m2\repository\org\apache\tomcat\embed\tomcat-embed-websocket\10.1.33\tomcat-embed-websocket-10.1.33.jar;C:\Users\rodri\.m2\repository\org\springframework\spring-web\6.1.15\spring-web-6.1.15.jar;C:\Users\rodri\.m2\repository\io\micrometer\micrometer-observation\1.13.8\micrometer-observation-1.13.8.jar;C:\Users\rodri\.m2\repository\io\micrometer\micrometer-commons\1.13.8\micrometer-commons-1.13.8.jar;C:\Users\rodri\.m2\repository\org\springframework\spring-webmvc\6.1.15\spring-webmvc-6.1.15.jar;C:\Users\rodri\.m2\repository\org\springframework\spring-expression\6.1.15\spring-expression-6.1.15.jar;C:\Users\rodri\.m2\repository\org\apache\commons\commons-lang3\3.14.0\commons-lang3-3.14.0.jar;C:\Users\rodri\.m2\repository\org\springframework\boot\spring-boot-devtools\3.3.6\spring-boot-devtools-3.3.6.jar;C:\Users\rodri\.m2\repository\org\springframework\boot\spring-boot\3.3.6\spring-boot-3.3.6.jar;C:\Users\rodri\.m2\repository\org\springframework\boot\spring-boot-autoconfigure\3.3.6\spring-boot-autoconfigure-3.3.6.jar;C:\Users\rodri\.m2\repository\com\h2database\h2\2.2.224\h2-2.2.224.jar;C:\Users\rodri\.m2\repository\org\projectlombok\lombok\1.18.36\lombok-1.18.36.jar;C:\Users\rodri\.m2\repository\com\jayway\jsonpath\json-path\2.9.0\json-path-2.9.0.jar;C:\Users\rodri\.m2\repository\jakarta\xml\bind\jakarta.xml.bind-api\4.0.2\jakarta.xml.bind-api-4.0.2.jar;C:\Users\rodri\.m2\repository\jakarta\activation\jakarta.activation-api\2.1.3\jakarta.activation-api-2.1.3.jar;C:\Users\rodri\.m2\repository\net\minidev\json-smart\2.5.1\json-smart-2.5.1.jar;C:\Users\rodri\.m2\repository\net\minidev\accessors-smart\2.5.1\accessors-smart-2.5.1.jar;C:\Users\rodri\.m2\repository\org\ow2\asm\asm\9.6\asm-9.6.jar;C:\Users\rodri\.m2\repository\org\springframework\spring-core\6.1.15\spring-core-6.1.15.jar;C:\Users\rodri\.m2\repository\org\springframework\spring-jcl\6.1.15\spring-jcl-6.1.15.jar;C:\Users\rodri\.m2\repository\org\springframework\boot\spring-boot-starter-mail\3.3.6\spring-boot-starter-mail-3.3.6.jar;C:\Users\rodri\.m2\repository\org\springframework\spring-context-support\6.1.15\spring-context-support-6.1.15.jar;C:\Users\rodri\.m2\repository\org\eclipse\angus\jakarta.mail\2.0.3\jakarta.mail-2.0.3.jar;C:\Users\rodri\.m2\repository\org\eclipse\angus\angus-activation\2.0.2\angus-activation-2.0.2.jar
Launcher Type: SUN_STANDARD

[Global flags]
     intx CICompilerCount                          = 3                                         {product} {ergonomic}
     uint ConcGCThreads                            = 1                                         {product} {ergonomic}
     uint G1ConcRefinementThreads                  = 4                                         {product} {ergonomic}
   size_t G1HeapRegionSize                         = 1048576                                   {product} {ergonomic}
    uintx GCDrainStackTargetSize                   = 64                                        {product} {ergonomic}
   size_t InitialHeapSize                          = 65011712                                  {product} {ergonomic}
     bool ManagementServer                         = true                                      {product} {command line}
   size_t MarkStackSize                            = 4194304                                   {product} {ergonomic}
   size_t MaxHeapSize                              = 1017118720                                {product} {ergonomic}
   size_t MaxNewSize                               = 610271232                                 {product} {ergonomic}
   size_t MinHeapDeltaBytes                        = 1048576                                   {product} {ergonomic}
   size_t MinHeapSize                              = 8388608                                   {product} {ergonomic}
    uintx NonNMethodCodeHeapSize                   = 5832780                                {pd product} {ergonomic}
    uintx NonProfiledCodeHeapSize                  = 122912730                              {pd product} {ergonomic}
    uintx ProfiledCodeHeapSize                     = 122912730                              {pd product} {ergonomic}
    uintx ReservedCodeCacheSize                    = 251658240                              {pd product} {ergonomic}
     bool SegmentedCodeCache                       = true                                      {product} {ergonomic}
     bool ShowCodeDetailsInExceptionMessages       = true                                   {manageable} {command line}
   size_t SoftMaxHeapSize                          = 1017118720                             {manageable} {ergonomic}
     bool UseCompressedOops                        = true                           {product lp64_product} {ergonomic}
     bool UseG1GC                                  = true                                      {product} {ergonomic}
     bool UseLargePagesIndividualAllocation        = false                                  {pd product} {ergonomic}

Logging:
Log output configuration:
 #0: stdout all=warning uptime,level,tags foldmultilines=false
 #1: stderr all=off uptime,level,tags foldmultilines=false

Environment Variables:
JAVA_HOME=C:\Program Files\Java\jdk-21
PATH=C:\Program Files\Common Files\Oracle\Java\javapath;C:\WINDOWS\system32;C:\WINDOWS;C:\WINDOWS\System32\Wbem;C:\WINDOWS\System32\WindowsPowerShell\v1.0\;C:\WINDOWS\System32\OpenSSH\;C:\Program Files\Java\jdk-21\bin;C:\Program Files\nodejs\;C:\Program Files\git\bin;C:\Program Files\Git\cmd;C:\Program Files\Docker\Docker\resources\bin;C:\Program Files\Common Files\Oracle\Java\javapath;C:\WINDOWS\system32;C:\WINDOWS;C:\WINDOWS\System32\Wbem;C:\WINDOWS\System32\WindowsPowerShell\v1.0\;C:\WINDOWS\System32\OpenSSH\;C:\Program Files\Java\jdk-21\bin;C:\Program Files\nodejs\;C:\Program Files\Git\bin;C:\Users\rodri\AppData\Local\Microsoft\WindowsApps;C:\Users\rodri\AppData\Local\Programs\Microsoft VS Code\bin;C:\Users\rodri\AppData\Roaming\npm;C:\Users\rodri\git\bin;%USERPROFILE%\AppData\Local\Microsoft\WindowsApps;
USERNAME=rodri
LANG=pt_BR.UTF-8
OS=Windows_NT
PROCESSOR_IDENTIFIER=Intel64 Family 6 Model 140 Stepping 2, GenuineIntel
TMP=C:\Users\rodri\AppData\Local\Temp
TEMP=C:\Users\rodri\AppData\Local\Temp




Periodic native trim disabled

---------------  S Y S T E M  ---------------

OS:
 Windows 11 , 64 bit Build 26100 (10.0.26100.2454)
OS uptime: 3 days 0:18 hours
Hyper-V role detected

CPU: total 4 (initial active 4) (2 cores per cpu, 2 threads per core) family 6 model 140 stepping 2 microcode 0x26, cx8, cmov, fxsr, ht, mmx, 3dnowpref, sse, sse2, sse3, ssse3, sse4.1, sse4.2, popcnt, lzcnt, tsc, tscinvbit, avx, avx2, aes, erms, clmul, bmi1, bmi2, adx, avx512f, avx512dq, avx512cd, avx512bw, avx512vl, sha, fma, vzeroupper, avx512_vpopcntdq, avx512_vpclmulqdq, avx512_vaes, avx512_vnni, clflush, clflushopt, clwb, avx512_vbmi2, avx512_vbmi, hv, rdtscp, rdpid, fsrm, gfni, avx512_bitalg, f16c, cet_ibt, cet_ss, avx512_ifma
Processor Information for all 4 processors :
  Max Mhz: 2995, Current Mhz: 2995, Mhz Limit: 2995

Memory: 4k page, system-wide physical 3879M (77M free)
TotalPageFile size 15655M (AvailPageFile size 4M)
current process WorkingSet (physical memory assigned to process): 124M, peak: 124M
current process commit charge ("private bytes"): 178M, peak: 178M

vm_info: Java HotSpot(TM) 64-Bit Server VM (21.0.2+13-LTS-58) for windows-amd64 JRE (21.0.2+13-LTS-58), built on 2024-01-05T18:32:24Z by "mach5one" with MS VC++ 17.1 (VS2022)

END.
