#
# There is insufficient memory for the Java Runtime Environment to continue.
# Native memory allocation (malloc) failed to allocate 2968960 bytes. Error detail: Chunk::new
# Possible reasons:
#   The system is out of physical RAM or swap space
#   This process is running with CompressedOops enabled, and the Java Heap may be blocking the growth of the native heap
# Possible solutions:
#   Reduce memory load on the system
#   Increase physical memory or swap space
#   Check if swap backing store is full
#   Decrease Java heap size (-Xmx/-Xms)
#   Decrease number of Java threads
#   Decrease Java thread stack sizes (-Xss)
#   Set larger code cache with -XX:ReservedCodeCacheSize=
#   JVM is running with Unscaled Compressed Oops mode in which the Java heap is
#     placed in the first 4GB address space. The Java Heap base address is the
#     maximum limit for the native heap growth. Please use -XX:HeapBaseMinAddress
#     to set the Java Heap base and to place the Java Heap above 4GB virtual address.
# This output file may be truncated or incomplete.
#
#  Out of Memory Error (arena.cpp:191), pid=9772, tid=34608
#
# JRE version: OpenJDK Runtime Environment Temurin-17.0.13+11 (17.0.13+11) (build 17.0.13+11)
# Java VM: OpenJDK 64-Bit Server VM Temurin-17.0.13+11 (17.0.13+11, mixed mode, tiered, compressed oops, compressed class ptrs, parallel gc, windows-amd64)
# No core dump will be written. Minidumps are not enabled by default on client versions of Windows
#

---------------  S U M M A R Y ------------

Command Line: --add-modules=ALL-SYSTEM --add-opens=java.base/java.util=ALL-UNNAMED --add-opens=java.base/java.lang=ALL-UNNAMED --add-opens=java.base/sun.nio.fs=ALL-UNNAMED -Declipse.application=org.eclipse.jdt.ls.core.id1 -Dosgi.bundles.defaultStartLevel=4 -Declipse.product=org.eclipse.jdt.ls.core.product -Djava.import.generatesMetadataFilesAtProjectRoot=false -DDetectVMInstallationsJob.disabled=true -Dfile.encoding=utf8 -XX:+UseParallelGC -XX:GCTimeRatio=4 -XX:AdaptiveSizePolicyWeight=90 -Dsun.zip.disableMemoryMapping=true -Xmx1G -Xms100m -Xlog:disable -javaagent:c:\Users\rodri\.vscode\extensions\redhat.java-1.37.0-win32-x64\lombok\lombok-1.18.34.jar c:\Users\rodri\.vscode\extensions\redhat.java-1.37.0-win32-x64\server\plugins\org.eclipse.equinox.launcher_1.6.900.v20240613-2009.jar -configuration c:\Users\rodri\AppData\Roaming\Code\User\globalStorage\redhat.java\1.37.0\config_ss_win -data c:\Users\rodri\AppData\Roaming\Code\User\workspaceStorage\4cee4f89dce1a812335ee0c48d369a7f\redhat.java\ss_ws --pipe=\\.\pipe\lsp-77e4ef5156790480dbe58c4097689db9-sock

Host: 11th Gen Intel(R) Core(TM) i3-1115G4 @ 3.00GHz, 4 cores, 3G,  Windows 11 , 64 bit Build 26100 (10.0.26100.2454)
Time: Sat Dec  7 22:50:03 2024 Hora oficial do Brasil elapsed time: 16.966730 seconds (0d 0h 0m 16s)

---------------  T H R E A D  ---------------

Current thread (0x0000025ccff85bc0):  JavaThread "C2 CompilerThread0" daemon [_thread_in_native, id=34608, stack(0x0000007de0800000,0x0000007de0900000)]


Current CompileTask:
C2:  16966 3765   !   4       org.eclipse.osgi.internal.loader.classpath.ClasspathManager::findLocalClass (210 bytes)

Stack: [0x0000007de0800000,0x0000007de0900000]
Native frames: (J=compiled Java code, j=interpreted, Vv=VM code, C=native code)
V  [jvm.dll+0x682a19]
V  [jvm.dll+0x839538]
V  [jvm.dll+0x83afe3]
V  [jvm.dll+0x83b653]
V  [jvm.dll+0x24704f]
V  [jvm.dll+0xace34]
V  [jvm.dll+0xad4cc]
V  [jvm.dll+0x36597e]
V  [jvm.dll+0x1ba989]
V  [jvm.dll+0x2181a7]
V  [jvm.dll+0x21748f]
V  [jvm.dll+0x1a3070]
V  [jvm.dll+0x22788c]
V  [jvm.dll+0x2259eb]
V  [jvm.dll+0x7eec98]
V  [jvm.dll+0x7e8ffc]
V  [jvm.dll+0x6818f7]
C  [ucrtbase.dll+0x14ea0]
C  [KERNEL32.DLL+0x2e8d7]
C  [ntdll.dll+0xdfbcc]


---------------  P R O C E S S  ---------------

Threads class SMR info:
_java_thread_list=0x0000025cd6cec780, length=31, elements={
0x0000025cba1eb190, 0x0000025cba298ef0, 0x0000025cba29bf60, 0x0000025ccff7f330,
0x0000025ccff81d10, 0x0000025ccff846f0, 0x0000025ccff84fc0, 0x0000025ccff85bc0,
0x0000025ccff9e910, 0x0000025cd5161280, 0x0000025cd51f6e40, 0x0000025cd540da20,
0x0000025cd5964510, 0x0000025cd5c83420, 0x0000025cd5a53c00, 0x0000025cd5cc09c0,
0x0000025cd5c24df0, 0x0000025cd5c22f90, 0x0000025cd5c248e0, 0x0000025cd5c25810,
0x0000025cd5c22570, 0x0000025cd5c22a80, 0x0000025cd5c25300, 0x0000025cd5c234a0,
0x0000025cd5c23ec0, 0x0000025cd5c239b0, 0x0000025cd5c243d0, 0x0000025cd6750030,
0x0000025cd674dcc0, 0x0000025cd674e6e0, 0x0000025cd674fb20
}

Java Threads: ( => current thread )
  0x0000025cba1eb190 JavaThread "main" [_thread_blocked, id=33612, stack(0x0000007ddff00000,0x0000007de0000000)]
  0x0000025cba298ef0 JavaThread "Reference Handler" daemon [_thread_blocked, id=19236, stack(0x0000007de0200000,0x0000007de0300000)]
  0x0000025cba29bf60 JavaThread "Finalizer" daemon [_thread_blocked, id=34600, stack(0x0000007de0300000,0x0000007de0400000)]
  0x0000025ccff7f330 JavaThread "Signal Dispatcher" daemon [_thread_blocked, id=33424, stack(0x0000007de0400000,0x0000007de0500000)]
  0x0000025ccff81d10 JavaThread "Attach Listener" daemon [_thread_blocked, id=30884, stack(0x0000007de0500000,0x0000007de0600000)]
  0x0000025ccff846f0 JavaThread "Service Thread" daemon [_thread_blocked, id=33784, stack(0x0000007de0600000,0x0000007de0700000)]
  0x0000025ccff84fc0 JavaThread "Monitor Deflation Thread" daemon [_thread_blocked, id=19816, stack(0x0000007de0700000,0x0000007de0800000)]
=>0x0000025ccff85bc0 JavaThread "C2 CompilerThread0" daemon [_thread_in_native, id=34608, stack(0x0000007de0800000,0x0000007de0900000)]
  0x0000025ccff9e910 JavaThread "C1 CompilerThread0" daemon [_thread_in_native, id=96, stack(0x0000007de0900000,0x0000007de0a00000)]
  0x0000025cd5161280 JavaThread "Sweeper thread" daemon [_thread_blocked, id=34176, stack(0x0000007de0a00000,0x0000007de0b00000)]
  0x0000025cd51f6e40 JavaThread "Common-Cleaner" daemon [_thread_blocked, id=30808, stack(0x0000007de0b00000,0x0000007de0c00000)]
  0x0000025cd540da20 JavaThread "Notification Thread" daemon [_thread_blocked, id=22376, stack(0x0000007de0c00000,0x0000007de0d00000)]
  0x0000025cd5964510 JavaThread "Active Thread: Equinox Container: 8892bb20-6285-4c4d-bc00-507dbe30d2d6" [_thread_blocked, id=34756, stack(0x0000007de1100000,0x0000007de1200000)]
  0x0000025cd5c83420 JavaThread "Framework Event Dispatcher: Equinox Container: 8892bb20-6285-4c4d-bc00-507dbe30d2d6" daemon [_thread_blocked, id=30044, stack(0x0000007de1200000,0x0000007de1300000)]
  0x0000025cd5a53c00 JavaThread "Start Level: Equinox Container: 8892bb20-6285-4c4d-bc00-507dbe30d2d6" daemon [_thread_blocked, id=31096, stack(0x0000007de1300000,0x0000007de1400000)]
  0x0000025cd5cc09c0 JavaThread "SCR Component Actor" daemon [_thread_blocked, id=29736, stack(0x0000007de1400000,0x0000007de1500000)]
  0x0000025cd5c24df0 JavaThread "Worker-JM" [_thread_blocked, id=22044, stack(0x0000007de1600000,0x0000007de1700000)]
  0x0000025cd5c22f90 JavaThread "Worker-0" [_thread_blocked, id=32976, stack(0x0000007de1700000,0x0000007de1800000)]
  0x0000025cd5c248e0 JavaThread "Worker-1" [_thread_blocked, id=24936, stack(0x0000007de1800000,0x0000007de1900000)]
  0x0000025cd5c25810 JavaThread "Worker-2" [_thread_blocked, id=33900, stack(0x0000007de1900000,0x0000007de1a00000)]
  0x0000025cd5c22570 JavaThread "JNA Cleaner" daemon [_thread_blocked, id=31416, stack(0x0000007de1500000,0x0000007de1600000)]
  0x0000025cd5c22a80 JavaThread "Thread-2" daemon [_thread_in_native, id=33832, stack(0x0000007de1c00000,0x0000007de1d00000)]
  0x0000025cd5c25300 JavaThread "Thread-3" daemon [_thread_in_native, id=31368, stack(0x0000007de1d00000,0x0000007de1e00000)]
  0x0000025cd5c234a0 JavaThread "Thread-4" daemon [_thread_in_native, id=34292, stack(0x0000007de1e00000,0x0000007de1f00000)]
  0x0000025cd5c23ec0 JavaThread "Thread-5" daemon [_thread_in_native, id=29936, stack(0x0000007de1f00000,0x0000007de2000000)]
  0x0000025cd5c239b0 JavaThread "Thread-6" daemon [_thread_in_native, id=26216, stack(0x0000007de2000000,0x0000007de2100000)]
  0x0000025cd5c243d0 JavaThread "pool-2-thread-1" [_thread_blocked, id=31384, stack(0x0000007de2100000,0x0000007de2200000)]
  0x0000025cd6750030 JavaThread "WorkspaceEventsHandler" [_thread_blocked, id=31220, stack(0x0000007de2200000,0x0000007de2300000)]
  0x0000025cd674dcc0 JavaThread "pool-1-thread-1" [_thread_in_vm, id=33856, stack(0x0000007de2300000,0x0000007de2400000)]
  0x0000025cd674e6e0 JavaThread "ForkJoinPool.commonPool-worker-1" daemon [_thread_in_Java, id=31324, stack(0x0000007de2400000,0x0000007de2500000)]
  0x0000025cd674fb20 JavaThread "ForkJoinPool.commonPool-worker-2" daemon [_thread_blocked, id=32308, stack(0x0000007de2500000,0x0000007de2600000)]

Other Threads:
  0x0000025cba274650 VMThread "VM Thread" [stack: 0x0000007de0100000,0x0000007de0200000] [id=25400]
  0x0000025cd540ecc0 WatcherThread [stack: 0x0000007de0d00000,0x0000007de0e00000] [id=32908]
  0x0000025cba200350 GCTaskThread "GC Thread#0" [stack: 0x0000007de0000000,0x0000007de0100000] [id=34084]
  0x0000025cd5934680 GCTaskThread "GC Thread#1" [stack: 0x0000007de0e00000,0x0000007de0f00000] [id=34516]
  0x0000025cd54fe660 GCTaskThread "GC Thread#2" [stack: 0x0000007de0f00000,0x0000007de1000000] [id=7144]
  0x0000025cd54fe920 GCTaskThread "GC Thread#3" [stack: 0x0000007de1000000,0x0000007de1100000] [id=26228]

Threads with active compile tasks:
C2 CompilerThread0    17028 3765   !   4       org.eclipse.osgi.internal.loader.classpath.ClasspathManager::findLocalClass (210 bytes)
C1 CompilerThread0    17028 4135       2       org.eclipse.jdt.internal.compiler.parser.Scanner::internalScanIdentifierOrKeyword (4943 bytes)

VM state: not at safepoint (normal execution)

VM Mutex/Monitor currently owned by a thread: None

Heap address: 0x00000000c0000000, size: 1024 MB, Compressed Oops mode: 32-bit

CDS archive(s) not mapped
Compressed class space mapped at: 0x0000000100000000-0x0000000140000000, reserved size: 1073741824
Narrow klass base: 0x0000000000000000, Narrow klass shift: 3, Narrow klass range: 0x140000000

GC Precious Log:
 CPUs: 4 total, 4 available
 Memory: 3879M
 Large Page Support: Disabled
 NUMA Support: Disabled
 Compressed Oops: Enabled (32-bit)
 Alignments: Space 512K, Generation 512K, Heap 2M
 Heap Min Capacity: 100M
 Heap Initial Capacity: 100M
 Heap Max Capacity: 1G
 Pre-touch: Disabled
 Parallel Workers: 4

Heap:
 PSYoungGen      total 24064K, used 20166K [0x00000000eab00000, 0x00000000ec600000, 0x0000000100000000)
  eden space 22528K, 83% used [0x00000000eab00000,0x00000000ebd47f80,0x00000000ec100000)
  from space 1536K, 94% used [0x00000000ec300000,0x00000000ec469c20,0x00000000ec480000)
  to   space 1536K, 0% used [0x00000000ec480000,0x00000000ec480000,0x00000000ec600000)
 ParOldGen       total 68608K, used 13739K [0x00000000c0000000, 0x00000000c4300000, 0x00000000eab00000)
  object space 68608K, 20% used [0x00000000c0000000,0x00000000c0d6ae20,0x00000000c4300000)
 Metaspace       used 41971K, committed 42752K, reserved 1114112K
  class space    used 4262K, committed 4608K, reserved 1048576K

Card table byte_map: [0x0000025ccd830000,0x0000025ccda40000] _byte_map_base: 0x0000025ccd230000

Marking Bits: (ParMarkBitMap*) 0x00007ffcd4d06940
 Begin Bits: [0x0000025ccdba0000, 0x0000025cceba0000)
 End Bits:   [0x0000025cceba0000, 0x0000025ccfba0000)

Polling page: 0x0000025cba160000

Metaspace:

Usage:
  Non-class:     36.83 MB used.
      Class:      4.16 MB used.
       Both:     40.99 MB used.

Virtual space:
  Non-class space:       64.00 MB reserved,      37.25 MB ( 58%) committed,  1 nodes.
      Class space:        1.00 GB reserved,       4.50 MB ( <1%) committed,  1 nodes.
             Both:        1.06 GB reserved,      41.75 MB (  4%) committed. 

Chunk freelists:
   Non-Class:  10.59 MB
       Class:  11.47 MB
        Both:  22.06 MB

MaxMetaspaceSize: unlimited
CompressedClassSpaceSize: 1.00 GB
Initial GC threshold: 21.00 MB
Current GC threshold: 58.38 MB
CDS: off
MetaspaceReclaimPolicy: balanced
 - commit_granule_bytes: 65536.
 - commit_granule_words: 8192.
 - virtual_space_node_default_size: 8388608.
 - enlarge_chunks_in_place: 1.
 - new_chunks_are_fully_committed: 0.
 - uncommit_free_chunks: 1.
 - use_allocation_guard: 0.
 - handle_deallocations: 1.


Internal statistics:

num_allocs_failed_limit: 6.
num_arena_births: 432.
num_arena_deaths: 14.
num_vsnodes_births: 2.
num_vsnodes_deaths: 0.
num_space_committed: 668.
num_space_uncommitted: 0.
num_chunks_returned_to_freelist: 20.
num_chunks_taken_from_freelist: 1768.
num_chunk_merges: 11.
num_chunk_splits: 1146.
num_chunks_enlarged: 773.
num_inconsistent_stats: 0.

CodeHeap 'non-profiled nmethods': size=120000Kb used=1719Kb max_used=1719Kb free=118281Kb
 bounds [0x0000025cc6120000, 0x0000025cc6390000, 0x0000025ccd650000]
CodeHeap 'profiled nmethods': size=120000Kb used=8552Kb max_used=8552Kb free=111447Kb
 bounds [0x0000025cbe650000, 0x0000025cbeeb0000, 0x0000025cc5b80000]
CodeHeap 'non-nmethods': size=5760Kb used=1323Kb max_used=1340Kb free=4436Kb
 bounds [0x0000025cc5b80000, 0x0000025cc5df0000, 0x0000025cc6120000]
 total_blobs=4765 nmethods=4112 adapters=565
 compilation: enabled
              stopped_count=0, restarted_count=0
 full_count=0

Compilation events (20 events):
Event: 16.924 Thread 0x0000025ccff9e910 nmethod 4113% 0x0000025cbee97690 code [0x0000025cbee97980, 0x0000025cbee98e78]
Event: 16.929 Thread 0x0000025ccff9e910 4116       2       java.util.regex.CharPredicates$$Lambda$287/0x0000000100368278::is (5 bytes)
Event: 16.929 Thread 0x0000025ccff9e910 nmethod 4116 0x0000025cbee99790 code [0x0000025cbee99920, 0x0000025cbee99ad8]
Event: 16.930 Thread 0x0000025ccff9e910 4117       2       java.util.regex.CharPredicates::lambda$ASCII_WORD$19 (20 bytes)
Event: 16.930 Thread 0x0000025ccff9e910 nmethod 4117 0x0000025cbee99c10 code [0x0000025cbee99da0, 0x0000025cbee99f18]
Event: 16.930 Thread 0x0000025ccff9e910 4118       2       java.util.regex.ASCII::isWord (7 bytes)
Event: 16.930 Thread 0x0000025ccff9e910 nmethod 4118 0x0000025cbee9a010 code [0x0000025cbee9a1a0, 0x0000025cbee9a2f8]
Event: 16.946 Thread 0x0000025ccff9e910 4120       2       java.lang.Class::getTypeParameters (19 bytes)
Event: 16.947 Thread 0x0000025ccff9e910 nmethod 4120 0x0000025cbee9a410 code [0x0000025cbee9a5e0, 0x0000025cbee9a888]
Event: 16.947 Thread 0x0000025ccff9e910 4121       2       sun.reflect.generics.repository.GenericDeclRepository::getTypeParameters (27 bytes)
Event: 16.947 Thread 0x0000025ccff9e910 nmethod 4121 0x0000025cbee9aa10 code [0x0000025cbee9abc0, 0x0000025cbee9ad98]
Event: 16.947 Thread 0x0000025ccff9e910 4122       2       sun.reflect.generics.reflectiveObjects.ParameterizedTypeImpl::make (11 bytes)
Event: 16.947 Thread 0x0000025ccff9e910 nmethod 4122 0x0000025cbee9ae90 code [0x0000025cbee9b040, 0x0000025cbee9b218]
Event: 16.948 Thread 0x0000025ccff9e910 4123       3       org.eclipse.jdt.internal.core.util.Util::splitOn (134 bytes)
Event: 16.949 Thread 0x0000025ccff9e910 nmethod 4123 0x0000025cbee9b390 code [0x0000025cbee9b680, 0x0000025cbee9c9d8]
Event: 16.949 Thread 0x0000025ccff9e910 4124       2       java.lang.Class::getGenericSuperclass (28 bytes)
Event: 16.950 Thread 0x0000025ccff9e910 nmethod 4124 0x0000025cbee9d210 code [0x0000025cbee9d3e0, 0x0000025cbee9d6f8]
Event: 16.953 Thread 0x0000025ccff9e910 4125       3       java.util.ArrayList::hashCodeRange (68 bytes)
Event: 16.954 Thread 0x0000025ccff9e910 nmethod 4125 0x0000025cbee9d910 code [0x0000025cbee9dae0, 0x0000025cbee9df18]
Event: 16.955 Thread 0x0000025ccff9e910 4126       3       java.util.ArrayList::equalsRange (85 bytes)

GC Heap History (20 events):
Event: 7.189 GC heap before
{Heap before GC invocations=4 (full 0):
 PSYoungGen      total 29696K, used 10754K [0x00000000eab00000, 0x00000000ecc00000, 0x0000000100000000)
  eden space 25600K, 26% used [0x00000000eab00000,0x00000000eb183fa8,0x00000000ec400000)
  from space 4096K, 99% used [0x00000000ec400000,0x00000000ec7fca88,0x00000000ec800000)
  to   space 4096K, 0% used [0x00000000ec800000,0x00000000ec800000,0x00000000ecc00000)
 ParOldGen       total 68608K, used 2505K [0x00000000c0000000, 0x00000000c4300000, 0x00000000eab00000)
  object space 68608K, 3% used [0x00000000c0000000,0x00000000c02726a0,0x00000000c4300000)
 Metaspace       used 21087K, committed 21504K, reserved 1114112K
  class space    used 2168K, committed 2368K, reserved 1048576K
}
Event: 7.194 GC heap after
{Heap after GC invocations=4 (full 0):
 PSYoungGen      total 29696K, used 4091K [0x00000000eab00000, 0x00000000ecc00000, 0x0000000100000000)
  eden space 25600K, 0% used [0x00000000eab00000,0x00000000eab00000,0x00000000ec400000)
  from space 4096K, 99% used [0x00000000ec800000,0x00000000ecbfeee0,0x00000000ecc00000)
  to   space 4096K, 0% used [0x00000000ec400000,0x00000000ec400000,0x00000000ec800000)
 ParOldGen       total 68608K, used 2924K [0x00000000c0000000, 0x00000000c4300000, 0x00000000eab00000)
  object space 68608K, 4% used [0x00000000c0000000,0x00000000c02db260,0x00000000c4300000)
 Metaspace       used 21087K, committed 21504K, reserved 1114112K
  class space    used 2168K, committed 2368K, reserved 1048576K
}
Event: 7.194 GC heap before
{Heap before GC invocations=5 (full 1):
 PSYoungGen      total 29696K, used 4091K [0x00000000eab00000, 0x00000000ecc00000, 0x0000000100000000)
  eden space 25600K, 0% used [0x00000000eab00000,0x00000000eab00000,0x00000000ec400000)
  from space 4096K, 99% used [0x00000000ec800000,0x00000000ecbfeee0,0x00000000ecc00000)
  to   space 4096K, 0% used [0x00000000ec400000,0x00000000ec400000,0x00000000ec800000)
 ParOldGen       total 68608K, used 2924K [0x00000000c0000000, 0x00000000c4300000, 0x00000000eab00000)
  object space 68608K, 4% used [0x00000000c0000000,0x00000000c02db260,0x00000000c4300000)
 Metaspace       used 21087K, committed 21504K, reserved 1114112K
  class space    used 2168K, committed 2368K, reserved 1048576K
}
Event: 7.225 GC heap after
{Heap after GC invocations=5 (full 1):
 PSYoungGen      total 29696K, used 0K [0x00000000eab00000, 0x00000000ecc00000, 0x0000000100000000)
  eden space 25600K, 0% used [0x00000000eab00000,0x00000000eab00000,0x00000000ec400000)
  from space 4096K, 0% used [0x00000000ec800000,0x00000000ec800000,0x00000000ecc00000)
  to   space 4096K, 0% used [0x00000000ec400000,0x00000000ec400000,0x00000000ec800000)
 ParOldGen       total 68608K, used 6890K [0x00000000c0000000, 0x00000000c4300000, 0x00000000eab00000)
  object space 68608K, 10% used [0x00000000c0000000,0x00000000c06baaf0,0x00000000c4300000)
 Metaspace       used 21074K, committed 21504K, reserved 1114112K
  class space    used 2164K, committed 2368K, reserved 1048576K
}
Event: 10.644 GC heap before
{Heap before GC invocations=6 (full 1):
 PSYoungGen      total 29696K, used 25600K [0x00000000eab00000, 0x00000000ecc00000, 0x0000000100000000)
  eden space 25600K, 100% used [0x00000000eab00000,0x00000000ec400000,0x00000000ec400000)
  from space 4096K, 0% used [0x00000000ec800000,0x00000000ec800000,0x00000000ecc00000)
  to   space 4096K, 0% used [0x00000000ec400000,0x00000000ec400000,0x00000000ec800000)
 ParOldGen       total 68608K, used 6890K [0x00000000c0000000, 0x00000000c4300000, 0x00000000eab00000)
  object space 68608K, 10% used [0x00000000c0000000,0x00000000c06baaf0,0x00000000c4300000)
 Metaspace       used 24017K, committed 24512K, reserved 1114112K
  class space    used 2373K, committed 2560K, reserved 1048576K
}
Event: 10.646 GC heap after
{Heap after GC invocations=6 (full 1):
 PSYoungGen      total 26112K, used 719K [0x00000000eab00000, 0x00000000ec880000, 0x0000000100000000)
  eden space 25088K, 0% used [0x00000000eab00000,0x00000000eab00000,0x00000000ec380000)
  from space 1024K, 70% used [0x00000000ec400000,0x00000000ec4b3d58,0x00000000ec500000)
  to   space 2560K, 0% used [0x00000000ec600000,0x00000000ec600000,0x00000000ec880000)
 ParOldGen       total 68608K, used 6898K [0x00000000c0000000, 0x00000000c4300000, 0x00000000eab00000)
  object space 68608K, 10% used [0x00000000c0000000,0x00000000c06bcaf0,0x00000000c4300000)
 Metaspace       used 24017K, committed 24512K, reserved 1114112K
  class space    used 2373K, committed 2560K, reserved 1048576K
}
Event: 10.985 GC heap before
{Heap before GC invocations=7 (full 1):
 PSYoungGen      total 26112K, used 25807K [0x00000000eab00000, 0x00000000ec880000, 0x0000000100000000)
  eden space 25088K, 100% used [0x00000000eab00000,0x00000000ec380000,0x00000000ec380000)
  from space 1024K, 70% used [0x00000000ec400000,0x00000000ec4b3d58,0x00000000ec500000)
  to   space 2560K, 0% used [0x00000000ec600000,0x00000000ec600000,0x00000000ec880000)
 ParOldGen       total 68608K, used 6898K [0x00000000c0000000, 0x00000000c4300000, 0x00000000eab00000)
  object space 68608K, 10% used [0x00000000c0000000,0x00000000c06bcaf0,0x00000000c4300000)
 Metaspace       used 26952K, committed 27456K, reserved 1114112K
  class space    used 2610K, committed 2816K, reserved 1048576K
}
Event: 10.988 GC heap after
{Heap after GC invocations=7 (full 1):
 PSYoungGen      total 27136K, used 2513K [0x00000000eab00000, 0x00000000ec900000, 0x0000000100000000)
  eden space 24576K, 0% used [0x00000000eab00000,0x00000000eab00000,0x00000000ec300000)
  from space 2560K, 98% used [0x00000000ec600000,0x00000000ec8746f8,0x00000000ec880000)
  to   space 3072K, 0% used [0x00000000ec300000,0x00000000ec300000,0x00000000ec600000)
 ParOldGen       total 68608K, used 6898K [0x00000000c0000000, 0x00000000c4300000, 0x00000000eab00000)
  object space 68608K, 10% used [0x00000000c0000000,0x00000000c06bcaf0,0x00000000c4300000)
 Metaspace       used 26952K, committed 27456K, reserved 1114112K
  class space    used 2610K, committed 2816K, reserved 1048576K
}
Event: 12.007 GC heap before
{Heap before GC invocations=8 (full 1):
 PSYoungGen      total 27136K, used 27089K [0x00000000eab00000, 0x00000000ec900000, 0x0000000100000000)
  eden space 24576K, 100% used [0x00000000eab00000,0x00000000ec300000,0x00000000ec300000)
  from space 2560K, 98% used [0x00000000ec600000,0x00000000ec8746f8,0x00000000ec880000)
  to   space 3072K, 0% used [0x00000000ec300000,0x00000000ec300000,0x00000000ec600000)
 ParOldGen       total 68608K, used 6898K [0x00000000c0000000, 0x00000000c4300000, 0x00000000eab00000)
  object space 68608K, 10% used [0x00000000c0000000,0x00000000c06bcaf0,0x00000000c4300000)
 Metaspace       used 30427K, committed 30976K, reserved 1114112K
  class space    used 2952K, committed 3136K, reserved 1048576K
}
Event: 12.011 GC heap after
{Heap after GC invocations=8 (full 1):
 PSYoungGen      total 27136K, used 3058K [0x00000000eab00000, 0x00000000ecb80000, 0x0000000100000000)
  eden space 24064K, 0% used [0x00000000eab00000,0x00000000eab00000,0x00000000ec280000)
  from space 3072K, 99% used [0x00000000ec300000,0x00000000ec5fca60,0x00000000ec600000)
  to   space 4608K, 0% used [0x00000000ec700000,0x00000000ec700000,0x00000000ecb80000)
 ParOldGen       total 68608K, used 8062K [0x00000000c0000000, 0x00000000c4300000, 0x00000000eab00000)
  object space 68608K, 11% used [0x00000000c0000000,0x00000000c07dfb80,0x00000000c4300000)
 Metaspace       used 30427K, committed 30976K, reserved 1114112K
  class space    used 2952K, committed 3136K, reserved 1048576K
}
Event: 14.360 GC heap before
{Heap before GC invocations=9 (full 1):
 PSYoungGen      total 27136K, used 27122K [0x00000000eab00000, 0x00000000ecb80000, 0x0000000100000000)
  eden space 24064K, 100% used [0x00000000eab00000,0x00000000ec280000,0x00000000ec280000)
  from space 3072K, 99% used [0x00000000ec300000,0x00000000ec5fca60,0x00000000ec600000)
  to   space 4608K, 0% used [0x00000000ec700000,0x00000000ec700000,0x00000000ecb80000)
 ParOldGen       total 68608K, used 8062K [0x00000000c0000000, 0x00000000c4300000, 0x00000000eab00000)
  object space 68608K, 11% used [0x00000000c0000000,0x00000000c07dfb80,0x00000000c4300000)
 Metaspace       used 34304K, committed 35008K, reserved 1114112K
  class space    used 3421K, committed 3712K, reserved 1048576K
}
Event: 14.371 GC heap after
{Heap after GC invocations=9 (full 1):
 PSYoungGen      total 28160K, used 4134K [0x00000000eab00000, 0x00000000ecb80000, 0x0000000100000000)
  eden space 23552K, 0% used [0x00000000eab00000,0x00000000eab00000,0x00000000ec200000)
  from space 4608K, 89% used [0x00000000ec700000,0x00000000ecb09a68,0x00000000ecb80000)
  to   space 4608K, 0% used [0x00000000ec280000,0x00000000ec280000,0x00000000ec700000)
 ParOldGen       total 68608K, used 8070K [0x00000000c0000000, 0x00000000c4300000, 0x00000000eab00000)
  object space 68608K, 11% used [0x00000000c0000000,0x00000000c07e1b80,0x00000000c4300000)
 Metaspace       used 34304K, committed 35008K, reserved 1114112K
  class space    used 3421K, committed 3712K, reserved 1048576K
}
Event: 14.581 GC heap before
{Heap before GC invocations=10 (full 1):
 PSYoungGen      total 28160K, used 9886K [0x00000000eab00000, 0x00000000ecb80000, 0x0000000100000000)
  eden space 23552K, 24% used [0x00000000eab00000,0x00000000eb09dfd0,0x00000000ec200000)
  from space 4608K, 89% used [0x00000000ec700000,0x00000000ecb09a68,0x00000000ecb80000)
  to   space 4608K, 0% used [0x00000000ec280000,0x00000000ec280000,0x00000000ec700000)
 ParOldGen       total 68608K, used 8070K [0x00000000c0000000, 0x00000000c4300000, 0x00000000eab00000)
  object space 68608K, 11% used [0x00000000c0000000,0x00000000c07e1b80,0x00000000c4300000)
 Metaspace       used 35175K, committed 35840K, reserved 1114112K
  class space    used 3530K, committed 3840K, reserved 1048576K
}
Event: 14.586 GC heap after
{Heap after GC invocations=10 (full 1):
 PSYoungGen      total 26112K, used 2480K [0x00000000eab00000, 0x00000000ec900000, 0x0000000100000000)
  eden space 23552K, 0% used [0x00000000eab00000,0x00000000eab00000,0x00000000ec200000)
  from space 2560K, 96% used [0x00000000ec280000,0x00000000ec4ec010,0x00000000ec500000)
  to   space 3584K, 0% used [0x00000000ec580000,0x00000000ec580000,0x00000000ec900000)
 ParOldGen       total 68608K, used 10279K [0x00000000c0000000, 0x00000000c4300000, 0x00000000eab00000)
  object space 68608K, 14% used [0x00000000c0000000,0x00000000c0a09de0,0x00000000c4300000)
 Metaspace       used 35175K, committed 35840K, reserved 1114112K
  class space    used 3530K, committed 3840K, reserved 1048576K
}
Event: 14.586 GC heap before
{Heap before GC invocations=11 (full 2):
 PSYoungGen      total 26112K, used 2480K [0x00000000eab00000, 0x00000000ec900000, 0x0000000100000000)
  eden space 23552K, 0% used [0x00000000eab00000,0x00000000eab00000,0x00000000ec200000)
  from space 2560K, 96% used [0x00000000ec280000,0x00000000ec4ec010,0x00000000ec500000)
  to   space 3584K, 0% used [0x00000000ec580000,0x00000000ec580000,0x00000000ec900000)
 ParOldGen       total 68608K, used 10279K [0x00000000c0000000, 0x00000000c4300000, 0x00000000eab00000)
  object space 68608K, 14% used [0x00000000c0000000,0x00000000c0a09de0,0x00000000c4300000)
 Metaspace       used 35175K, committed 35840K, reserved 1114112K
  class space    used 3530K, committed 3840K, reserved 1048576K
}
Event: 14.649 GC heap after
{Heap after GC invocations=11 (full 2):
 PSYoungGen      total 26112K, used 0K [0x00000000eab00000, 0x00000000ec900000, 0x0000000100000000)
  eden space 23552K, 0% used [0x00000000eab00000,0x00000000eab00000,0x00000000ec200000)
  from space 2560K, 0% used [0x00000000ec280000,0x00000000ec280000,0x00000000ec500000)
  to   space 3584K, 0% used [0x00000000ec580000,0x00000000ec580000,0x00000000ec900000)
 ParOldGen       total 68608K, used 12484K [0x00000000c0000000, 0x00000000c4300000, 0x00000000eab00000)
  object space 68608K, 18% used [0x00000000c0000000,0x00000000c0c31368,0x00000000c4300000)
 Metaspace       used 35175K, committed 35840K, reserved 1114112K
  class space    used 3530K, committed 3840K, reserved 1048576K
}
Event: 16.223 GC heap before
{Heap before GC invocations=12 (full 2):
 PSYoungGen      total 26112K, used 23552K [0x00000000eab00000, 0x00000000ec900000, 0x0000000100000000)
  eden space 23552K, 100% used [0x00000000eab00000,0x00000000ec200000,0x00000000ec200000)
  from space 2560K, 0% used [0x00000000ec280000,0x00000000ec280000,0x00000000ec500000)
  to   space 3584K, 0% used [0x00000000ec580000,0x00000000ec580000,0x00000000ec900000)
 ParOldGen       total 68608K, used 12484K [0x00000000c0000000, 0x00000000c4300000, 0x00000000eab00000)
  object space 68608K, 18% used [0x00000000c0000000,0x00000000c0c31368,0x00000000c4300000)
 Metaspace       used 38811K, committed 39488K, reserved 1114112K
  class space    used 3900K, committed 4160K, reserved 1048576K
}
Event: 16.227 GC heap after
{Heap after GC invocations=12 (full 2):
 PSYoungGen      total 24576K, used 1327K [0x00000000eab00000, 0x00000000ec700000, 0x0000000100000000)
  eden space 23040K, 0% used [0x00000000eab00000,0x00000000eab00000,0x00000000ec180000)
  from space 1536K, 86% used [0x00000000ec580000,0x00000000ec6cbcc0,0x00000000ec700000)
  to   space 2048K, 0% used [0x00000000ec300000,0x00000000ec300000,0x00000000ec500000)
 ParOldGen       total 68608K, used 12492K [0x00000000c0000000, 0x00000000c4300000, 0x00000000eab00000)
  object space 68608K, 18% used [0x00000000c0000000,0x00000000c0c33368,0x00000000c4300000)
 Metaspace       used 38811K, committed 39488K, reserved 1114112K
  class space    used 3900K, committed 4160K, reserved 1048576K
}
Event: 16.748 GC heap before
{Heap before GC invocations=13 (full 2):
 PSYoungGen      total 24576K, used 24367K [0x00000000eab00000, 0x00000000ec700000, 0x0000000100000000)
  eden space 23040K, 100% used [0x00000000eab00000,0x00000000ec180000,0x00000000ec180000)
  from space 1536K, 86% used [0x00000000ec580000,0x00000000ec6cbcc0,0x00000000ec700000)
  to   space 2048K, 0% used [0x00000000ec300000,0x00000000ec300000,0x00000000ec500000)
 ParOldGen       total 68608K, used 12492K [0x00000000c0000000, 0x00000000c4300000, 0x00000000eab00000)
  object space 68608K, 18% used [0x00000000c0000000,0x00000000c0c33368,0x00000000c4300000)
 Metaspace       used 41226K, committed 41920K, reserved 1114112K
  class space    used 4146K, committed 4480K, reserved 1048576K
}
Event: 16.752 GC heap after
{Heap after GC invocations=13 (full 2):
 PSYoungGen      total 24064K, used 1447K [0x00000000eab00000, 0x00000000ec600000, 0x0000000100000000)
  eden space 22528K, 0% used [0x00000000eab00000,0x00000000eab00000,0x00000000ec100000)
  from space 1536K, 94% used [0x00000000ec300000,0x00000000ec469c20,0x00000000ec480000)
  to   space 1536K, 0% used [0x00000000ec480000,0x00000000ec480000,0x00000000ec600000)
 ParOldGen       total 68608K, used 13739K [0x00000000c0000000, 0x00000000c4300000, 0x00000000eab00000)
  object space 68608K, 20% used [0x00000000c0000000,0x00000000c0d6ae20,0x00000000c4300000)
 Metaspace       used 41226K, committed 41920K, reserved 1114112K
  class space    used 4146K, committed 4480K, reserved 1048576K
}

Dll operation events (12 events):
Event: 0.080 Loaded shared library c:\Users\rodri\.vscode\extensions\redhat.java-1.37.0-win32-x64\jre\17.0.13-win32-x86_64\bin\java.dll
Event: 1.184 Loaded shared library c:\Users\rodri\.vscode\extensions\redhat.java-1.37.0-win32-x64\jre\17.0.13-win32-x86_64\bin\zip.dll
Event: 1.194 Loaded shared library C:\Users\rodri\.vscode\extensions\redhat.java-1.37.0-win32-x64\jre\17.0.13-win32-x86_64\bin\instrument.dll
Event: 1.326 Loaded shared library C:\Users\rodri\.vscode\extensions\redhat.java-1.37.0-win32-x64\jre\17.0.13-win32-x86_64\bin\net.dll
Event: 1.334 Loaded shared library C:\Users\rodri\.vscode\extensions\redhat.java-1.37.0-win32-x64\jre\17.0.13-win32-x86_64\bin\nio.dll
Event: 1.360 Loaded shared library C:\Users\rodri\.vscode\extensions\redhat.java-1.37.0-win32-x64\jre\17.0.13-win32-x86_64\bin\zip.dll
Event: 1.483 Loaded shared library C:\Users\rodri\.vscode\extensions\redhat.java-1.37.0-win32-x64\jre\17.0.13-win32-x86_64\bin\jimage.dll
Event: 1.793 Loaded shared library c:\Users\rodri\.vscode\extensions\redhat.java-1.37.0-win32-x64\jre\17.0.13-win32-x86_64\bin\verify.dll
Event: 5.420 Loaded shared library C:\Users\rodri\AppData\Roaming\Code\User\globalStorage\redhat.java\1.37.0\config_ss_win\org.eclipse.equinox.launcher\org.eclipse.equinox.launcher.win32.win32.x86_64_1.2.1100.v20240722-2106\eclipse_11904.dll
Event: 6.940 Loaded shared library C:\Users\rodri\.vscode\extensions\redhat.java-1.37.0-win32-x64\jre\17.0.13-win32-x86_64\bin\management.dll
Event: 6.951 Loaded shared library C:\Users\rodri\.vscode\extensions\redhat.java-1.37.0-win32-x64\jre\17.0.13-win32-x86_64\bin\management_ext.dll
Event: 13.447 Loaded shared library C:\Users\rodri\AppData\Local\Temp\jna-108687934\jna18440619609318853099.dll

Deoptimization events (20 events):
Event: 16.434 Thread 0x0000025cd674dcc0 DEOPT PACKING pc=0x0000025cc613dd10 sp=0x0000007de23fbf20
Event: 16.434 Thread 0x0000025cd674dcc0 DEOPT UNPACKING pc=0x0000025cc5bd9ea3 sp=0x0000007de23fbec8 mode 2
Event: 16.435 Thread 0x0000025cd674dcc0 DEOPT PACKING pc=0x0000025cbed7e87e sp=0x0000007de23fc560
Event: 16.435 Thread 0x0000025cd674dcc0 DEOPT UNPACKING pc=0x0000025cc5bda9e3 sp=0x0000007de23fba50 mode 0
Event: 16.438 Thread 0x0000025cd674dcc0 DEOPT PACKING pc=0x0000025cbed7e87e sp=0x0000007de23fc3d0
Event: 16.438 Thread 0x0000025cd674dcc0 DEOPT UNPACKING pc=0x0000025cc5bda9e3 sp=0x0000007de23fb8c0 mode 0
Event: 16.438 Thread 0x0000025cd674dcc0 DEOPT PACKING pc=0x0000025cbed7e87e sp=0x0000007de23fc3d0
Event: 16.438 Thread 0x0000025cd674dcc0 DEOPT UNPACKING pc=0x0000025cc5bda9e3 sp=0x0000007de23fb8c0 mode 0
Event: 16.439 Thread 0x0000025cd674dcc0 DEOPT PACKING pc=0x0000025cbed7e87e sp=0x0000007de23fc3d0
Event: 16.439 Thread 0x0000025cd674dcc0 DEOPT UNPACKING pc=0x0000025cc5bda9e3 sp=0x0000007de23fb8c0 mode 0
Event: 16.440 Thread 0x0000025cd674dcc0 DEOPT PACKING pc=0x0000025cbed7e87e sp=0x0000007de23fc560
Event: 16.440 Thread 0x0000025cd674dcc0 DEOPT UNPACKING pc=0x0000025cc5bda9e3 sp=0x0000007de23fba50 mode 0
Event: 16.440 Thread 0x0000025cd674dcc0 DEOPT PACKING pc=0x0000025cbed7e87e sp=0x0000007de23fc560
Event: 16.440 Thread 0x0000025cd674dcc0 DEOPT UNPACKING pc=0x0000025cc5bda9e3 sp=0x0000007de23fba50 mode 0
Event: 16.440 Thread 0x0000025cd674dcc0 DEOPT PACKING pc=0x0000025cbed7e87e sp=0x0000007de23fc560
Event: 16.440 Thread 0x0000025cd674dcc0 DEOPT UNPACKING pc=0x0000025cc5bda9e3 sp=0x0000007de23fba50 mode 0
Event: 16.440 Thread 0x0000025cd674dcc0 DEOPT PACKING pc=0x0000025cbed7e87e sp=0x0000007de23fc560
Event: 16.440 Thread 0x0000025cd674dcc0 DEOPT UNPACKING pc=0x0000025cc5bda9e3 sp=0x0000007de23fba50 mode 0
Event: 16.952 Thread 0x0000025cd674dcc0 DEOPT PACKING pc=0x0000025cbee80f58 sp=0x0000007de23fc2c0
Event: 16.952 Thread 0x0000025cd674dcc0 DEOPT UNPACKING pc=0x0000025cc5bda9e3 sp=0x0000007de23fb7c8 mode 0

Classes loaded (20 events):
Event: 16.811 Loading class java/lang/invoke/MethodHandleImpl$Makers
Event: 16.812 Loading class java/lang/invoke/MethodHandleImpl$Makers done
Event: 16.812 Loading class java/lang/invoke/MethodHandleImpl$Makers$1
Event: 16.812 Loading class java/lang/invoke/MethodHandleImpl$Makers$1 done
Event: 16.812 Loading class java/lang/invoke/MethodHandleImpl$Makers$2
Event: 16.812 Loading class java/lang/invoke/MethodHandleImpl$Makers$2 done
Event: 16.812 Loading class java/lang/invoke/MethodHandleImpl$Makers$3
Event: 16.812 Loading class java/lang/invoke/MethodHandleImpl$Makers$3 done
Event: 16.814 Loading class java/lang/invoke/DirectMethodHandle$EnsureInitialized
Event: 16.815 Loading class java/lang/invoke/DirectMethodHandle$EnsureInitialized done
Event: 16.815 Loading class java/lang/invoke/BoundMethodHandle$Species_I
Event: 16.816 Loading class java/lang/invoke/BoundMethodHandle$Species_I done
Event: 16.816 Loading class java/lang/runtime/ObjectMethods$1
Event: 16.816 Loading class java/lang/runtime/ObjectMethods$1 done
Event: 16.827 Loading class java/lang/invoke/DirectMethodHandle$1
Event: 16.827 Loading class java/lang/invoke/DirectMethodHandle$1 done
Event: 16.866 Loading class java/nio/channels/Channels$ReadableByteChannelImpl
Event: 16.867 Loading class java/nio/channels/Channels$ReadableByteChannelImpl done
Event: 16.867 Loading class java/nio/channels/NonWritableChannelException
Event: 16.868 Loading class java/nio/channels/NonWritableChannelException done

Classes unloaded (7 events):
Event: 7.200 Thread 0x0000025cba274650 Unloading class 0x0000000100219400 'java/lang/invoke/LambdaForm$MH+0x0000000100219400'
Event: 7.200 Thread 0x0000025cba274650 Unloading class 0x0000000100219000 'java/lang/invoke/LambdaForm$MH+0x0000000100219000'
Event: 7.200 Thread 0x0000025cba274650 Unloading class 0x0000000100218c00 'java/lang/invoke/LambdaForm$MH+0x0000000100218c00'
Event: 7.200 Thread 0x0000025cba274650 Unloading class 0x0000000100218800 'java/lang/invoke/LambdaForm$MH+0x0000000100218800'
Event: 7.200 Thread 0x0000025cba274650 Unloading class 0x0000000100218400 'java/lang/invoke/LambdaForm$BMH+0x0000000100218400'
Event: 7.200 Thread 0x0000025cba274650 Unloading class 0x0000000100218000 'java/lang/invoke/LambdaForm$DMH+0x0000000100218000'
Event: 7.200 Thread 0x0000025cba274650 Unloading class 0x0000000100214400 'java/lang/invoke/LambdaForm$DMH+0x0000000100214400'

Classes redefined (0 events):
No events

Internal exceptions (20 events):
Event: 16.287 Thread 0x0000025cd674fb20 Exception <a 'java/io/FileNotFoundException'{0x00000000eaf2a770}> (0x00000000eaf2a770) 
thrown [s\src\hotspot\share\prims\jni.cpp, line 516]
Event: 16.287 Thread 0x0000025cd674fb20 Exception <a 'java/io/FileNotFoundException'{0x00000000eaf2b7c0}> (0x00000000eaf2b7c0) 
thrown [s\src\hotspot\share\prims\jni.cpp, line 516]
Event: 16.294 Thread 0x0000025cd674dcc0 Exception <a 'sun/nio/fs/WindowsException'{0x00000000eaec52b8}> (0x00000000eaec52b8) 
thrown [s\src\hotspot\share\prims\jni.cpp, line 516]
Event: 16.308 Thread 0x0000025cd674dcc0 Exception <a 'sun/nio/fs/WindowsException'{0x00000000eaff05b8}> (0x00000000eaff05b8) 
thrown [s\src\hotspot\share\prims\jni.cpp, line 516]
Event: 16.314 Thread 0x0000025cd674dcc0 Exception <a 'sun/nio/fs/WindowsException'{0x00000000eb074b40}> (0x00000000eb074b40) 
thrown [s\src\hotspot\share\prims\jni.cpp, line 516]
Event: 16.432 Thread 0x0000025cd674dcc0 Exception <a 'java/lang/ClassNotFoundException'{0x00000000eb429a58}: com/sun/org/apache/xerces/internal/impl/msg/spi/DOMMessagesProvider> (0x00000000eb429a58) 
thrown [s\src\hotspot\share\classfile\systemDictionary.cpp, line 256]
Event: 16.435 Thread 0x0000025cd674dcc0 Exception <a 'java/lang/ClassNotFoundException'{0x00000000eb54c760}: com/sun/org/apache/xerces/internal/impl/msg/spi/XMLSerializerMessagesProvider> (0x00000000eb54c760) 
thrown [s\src\hotspot\share\classfile\systemDictionary.cpp, line 256]
Event: 16.437 Thread 0x0000025cd674dcc0 Exception <a 'java/lang/ClassNotFoundException'{0x00000000eb57d8b8}: com/sun/org/apache/xerces/internal/impl/msg/spi/XMLMessagesProvider> (0x00000000eb57d8b8) 
thrown [s\src\hotspot\share\classfile\systemDictionary.cpp, line 256]
Event: 16.445 Thread 0x0000025cd674fb20 Exception <a 'java/lang/LinkageError'{0x00000000eb656d70}: loader lombok.launch.ShadowClassLoader @51a402a4 attempted duplicate class definition for lombok.launch.PatchFixesHider$Transform. (lombok.launch.PatchFixesHider$Transform is in unnamed module of loader lombok.launch.ShadowClassLoader @51a402a4, parent loader org.eclipse.osgi.internal.loader.EquinoxClassLoader @14073ecd)> (0x00000000eb656d70) 
thrown [s\src\hotspot\share\classfile\systemDictionary.cpp, line 1723]
Event: 16.667 Thread 0x0000025cd674dcc0 Exception <a 'java/lang/NoSuchMethodError'{0x00000000ebc3a418}: 'java.lang.Object java.lang.invoke.Invokers$Holder.invoke_MT(java.lang.Object, java.lang.Object, java.lang.Object)'> (0x00000000ebc3a418) 
thrown [s\src\hotspot\share\interpreter\linkResolver.cpp, line 759]
Event: 16.808 Thread 0x0000025cd674dcc0 Exception <a 'java/lang/NoSuchMethodError'{0x00000000eaf2fb38}: 'java.lang.Object java.lang.invoke.DirectMethodHandle$Holder.invokeStaticInit(java.lang.Object, java.lang.Object, java.lang.Object, java.lang.Object, java.lang.Object, java.lang.Object, java.lang.Object)'> (0x00000000eaf2fb38) 
thrown [s\src\hotspot\share\interpreter\linkResolver.cpp, line 759]
Event: 16.809 Thread 0x0000025cd674dcc0 Exception <a 'java/lang/NoSuchMethodError'{0x00000000eaf38e18}: 'java.lang.Object java.lang.invoke.DirectMethodHandle$Holder.invokeSpecial(java.lang.Object, java.lang.Object, java.lang.Object, java.lang.Object, java.lang.Object, java.lang.Object, java.lang.Object, java.lang.Object, java.lang.Object, java.lang.Object)'> (0x00000000eaf38e18) 
thrown [s\src\hotspot\share\interpreter\linkResolver.cpp, line 759]
Event: 16.809 Thread 0x0000025cd674dcc0 Exception <a 'java/lang/NoSuchMethodError'{0x00000000eaf3d6a8}: 'java.lang.Object java.lang.invoke.Invokers$Holder.invoke_MT(java.lang.Object, java.lang.Object, java.lang.Object, java.lang.Object, java.lang.Object, java.lang.Object, java.lang.Object, java.lang.Object, java.lang.Object, java.lang.Object)'> (0x00000000eaf3d6a8) 
thrown [s\src\hotspot\share\interpreter\linkResolver.cpp, line 759]
Event: 16.817 Thread 0x0000025cd674dcc0 Exception <a 'java/lang/NoSuchMethodError'{0x00000000eafd88a8}: 'int java.lang.invoke.DirectMethodHandle$Holder.invokeVirtual(java.lang.Object, java.lang.Object, java.lang.Object)'> (0x00000000eafd88a8) 
thrown [s\src\hotspot\share\interpreter\linkResolver.cpp, line 759]
Event: 16.817 Thread 0x0000025cd674dcc0 Exception <a 'java/lang/NoSuchMethodError'{0x00000000eafed318}: 'int java.lang.invoke.DirectMethodHandle$Holder.invokeStaticInit(java.lang.Object, int, int)'> (0x00000000eafed318) 
thrown [s\src\hotspot\share\interpreter\linkResolver.cpp, line 759]
Event: 16.817 Thread 0x0000025cd674dcc0 Exception <a 'java/lang/NoSuchMethodError'{0x00000000eaff4db0}: 'int java.lang.invoke.DirectMethodHandle$Holder.invokeStaticInit(java.lang.Object, long, long)'> (0x00000000eaff4db0) 
thrown [s\src\hotspot\share\interpreter\linkResolver.cpp, line 759]
Event: 16.818 Thread 0x0000025cd674dcc0 Exception <a 'java/lang/NoSuchMethodError'{0x00000000eaffbea8}: 'int java.lang.invoke.DirectMethodHandle$Holder.invokeStaticInit(java.lang.Object, float, float)'> (0x00000000eaffbea8) 
thrown [s\src\hotspot\share\interpreter\linkResolver.cpp, line 759]
Event: 16.823 Thread 0x0000025cd674dcc0 Exception <a 'java/lang/NoSuchMethodError'{0x00000000eb002fa8}: 'int java.lang.invoke.DirectMethodHandle$Holder.invokeStaticInit(java.lang.Object, double, double)'> (0x00000000eb002fa8) 
thrown [s\src\hotspot\share\interpreter\linkResolver.cpp, line 759]
Event: 16.825 Thread 0x0000025cd674dcc0 Exception <a 'java/lang/NoSuchMethodError'{0x00000000eb007858}: 'int java.lang.invoke.DirectMethodHandle$Holder.invokeStatic(java.lang.Object, long)'> (0x00000000eb007858) 
thrown [s\src\hotspot\share\interpreter\linkResolver.cpp, line 759]
Event: 16.829 Thread 0x0000025cd674dcc0 Exception <a 'java/lang/NoSuchMethodError'{0x00000000eb0a86a8}: 'int java.lang.invoke.Invokers$Holder.linkToTargetMethod(java.lang.Object, java.lang.Object)'> (0x00000000eb0a86a8) 
thrown [s\src\hotspot\share\interpreter\linkResolver.cpp, line 759]

VM Operations (20 events):
Event: 15.179 Executing VM operation: HandshakeAllThreads
Event: 15.179 Executing VM operation: HandshakeAllThreads done
Event: 16.077 Executing VM operation: HandshakeAllThreads
Event: 16.077 Executing VM operation: HandshakeAllThreads done
Event: 16.077 Executing VM operation: Cleanup
Event: 16.077 Executing VM operation: Cleanup done
Event: 16.223 Executing VM operation: ParallelGCFailedAllocation
Event: 16.227 Executing VM operation: ParallelGCFailedAllocation done
Event: 16.405 Executing VM operation: HandshakeAllThreads
Event: 16.405 Executing VM operation: HandshakeAllThreads done
Event: 16.499 Executing VM operation: HandshakeAllThreads
Event: 16.499 Executing VM operation: HandshakeAllThreads done
Event: 16.566 Executing VM operation: HandshakeAllThreads
Event: 16.566 Executing VM operation: HandshakeAllThreads done
Event: 16.692 Executing VM operation: HandshakeAllThreads
Event: 16.692 Executing VM operation: HandshakeAllThreads done
Event: 16.693 Executing VM operation: HandshakeAllThreads
Event: 16.693 Executing VM operation: HandshakeAllThreads done
Event: 16.748 Executing VM operation: ParallelGCFailedAllocation
Event: 16.752 Executing VM operation: ParallelGCFailedAllocation done

Memory protections (0 events):
No events

Nmethod flushes (0 events):
No events

Events (20 events):
Event: 5.332 Thread 0x0000025cd5a53c00 Thread added: 0x0000025cd5cc09c0
Event: 5.690 Thread 0x0000025cd5a53c00 Thread added: 0x0000025cd5f01890
Event: 6.679 Thread 0x0000025cd5a53c00 Thread added: 0x0000025cd5c24df0
Event: 7.118 Thread 0x0000025cd5a53c00 Thread added: 0x0000025cd5c22f90
Event: 7.241 Thread 0x0000025cd5a53c00 Thread added: 0x0000025cd5c248e0
Event: 11.215 Thread 0x0000025cd5a53c00 Thread added: 0x0000025cd5c25300
Event: 11.442 Thread 0x0000025cd5c25300 Thread exited: 0x0000025cd5c25300
Event: 11.834 Thread 0x0000025cd5c248e0 Thread added: 0x0000025cd5c25810
Event: 12.270 Thread 0x0000025cd5f01890 Thread exited: 0x0000025cd5f01890
Event: 13.478 Thread 0x0000025cd5a53c00 Thread added: 0x0000025cd5c22570
Event: 13.624 Thread 0x0000025cba1eb190 Thread added: 0x0000025cd5c22a80
Event: 13.624 Thread 0x0000025cba1eb190 Thread added: 0x0000025cd5c25300
Event: 13.624 Thread 0x0000025cba1eb190 Thread added: 0x0000025cd5c234a0
Event: 13.625 Thread 0x0000025cba1eb190 Thread added: 0x0000025cd5c23ec0
Event: 13.625 Thread 0x0000025cba1eb190 Thread added: 0x0000025cd5c239b0
Event: 13.696 Thread 0x0000025cba1eb190 Thread added: 0x0000025cd5c243d0
Event: 14.357 Thread 0x0000025cba1eb190 Thread added: 0x0000025cd6750030
Event: 14.357 Thread 0x0000025cba1eb190 Thread added: 0x0000025cd674dcc0
Event: 15.865 Thread 0x0000025cd674dcc0 Thread added: 0x0000025cd674e6e0
Event: 15.869 Thread 0x0000025cd674dcc0 Thread added: 0x0000025cd674fb20


Dynamic libraries:
0x00007ff72d7f0000 - 0x00007ff72d7fe000 	c:\Users\rodri\.vscode\extensions\redhat.java-1.37.0-win32-x64\jre\17.0.13-win32-x86_64\bin\java.exe
0x00007ffd62b00000 - 0x00007ffd62d63000 	C:\WINDOWS\SYSTEM32\ntdll.dll
0x00007ffd61a60000 - 0x00007ffd61b28000 	C:\WINDOWS\System32\KERNEL32.DLL
0x00007ffd600e0000 - 0x00007ffd60492000 	C:\WINDOWS\System32\KERNELBASE.dll
0x00007ffd60620000 - 0x00007ffd6076b000 	C:\WINDOWS\System32\ucrtbase.dll
0x00007ffd4d540000 - 0x00007ffd4d557000 	c:\Users\rodri\.vscode\extensions\redhat.java-1.37.0-win32-x64\jre\17.0.13-win32-x86_64\bin\jli.dll
0x00007ffd61650000 - 0x00007ffd61818000 	C:\WINDOWS\System32\USER32.dll
0x00007ffd604a0000 - 0x00007ffd604c7000 	C:\WINDOWS\System32\win32u.dll
0x00007ffd61a30000 - 0x00007ffd61a5a000 	C:\WINDOWS\System32\GDI32.dll
0x00007ffd60770000 - 0x00007ffd6089b000 	C:\WINDOWS\System32\gdi32full.dll
0x00007ffd60570000 - 0x00007ffd60613000 	C:\WINDOWS\System32\msvcp_win.dll
0x00007ffd47580000 - 0x00007ffd4759e000 	c:\Users\rodri\.vscode\extensions\redhat.java-1.37.0-win32-x64\jre\17.0.13-win32-x86_64\bin\VCRUNTIME140.dll
0x00007ffd466a0000 - 0x00007ffd46930000 	C:\WINDOWS\WinSxS\amd64_microsoft.windows.common-controls_6595b64144ccf1df_6.0.26100.2454_none_3e0b68a2e331ad60\COMCTL32.dll
0x00007ffd61570000 - 0x00007ffd61619000 	C:\WINDOWS\System32\msvcrt.dll
0x00007ffd61e80000 - 0x00007ffd61eaf000 	C:\WINDOWS\System32\IMM32.DLL
0x00007ffd58030000 - 0x00007ffd5803c000 	c:\Users\rodri\.vscode\extensions\redhat.java-1.37.0-win32-x64\jre\17.0.13-win32-x86_64\bin\vcruntime140_1.dll
0x00007ffcede10000 - 0x00007ffcede9d000 	c:\Users\rodri\.vscode\extensions\redhat.java-1.37.0-win32-x64\jre\17.0.13-win32-x86_64\bin\msvcp140.dll
0x00007ffcd4160000 - 0x00007ffcd4dcb000 	c:\Users\rodri\.vscode\extensions\redhat.java-1.37.0-win32-x64\jre\17.0.13-win32-x86_64\bin\server\jvm.dll
0x00007ffd61dc0000 - 0x00007ffd61e74000 	C:\WINDOWS\System32\ADVAPI32.dll
0x00007ffd61820000 - 0x00007ffd618c6000 	C:\WINDOWS\System32\sechost.dll
0x00007ffd60d00000 - 0x00007ffd60e16000 	C:\WINDOWS\System32\RPCRT4.dll
0x00007ffd627c0000 - 0x00007ffd62834000 	C:\WINDOWS\System32\WS2_32.dll
0x00007ffd5fd60000 - 0x00007ffd5fdae000 	C:\WINDOWS\SYSTEM32\POWRPROF.dll
0x00007ffd55720000 - 0x00007ffd55756000 	C:\WINDOWS\SYSTEM32\WINMM.dll
0x00007ffd4f990000 - 0x00007ffd4f99b000 	C:\WINDOWS\SYSTEM32\VERSION.dll
0x00007ffd5fd40000 - 0x00007ffd5fd54000 	C:\WINDOWS\SYSTEM32\UMPDC.dll
0x00007ffd5ece0000 - 0x00007ffd5ecfa000 	C:\WINDOWS\SYSTEM32\kernel.appcore.dll
0x00007ffd57c50000 - 0x00007ffd57c5a000 	c:\Users\rodri\.vscode\extensions\redhat.java-1.37.0-win32-x64\jre\17.0.13-win32-x86_64\bin\jimage.dll
0x00007ffd5d640000 - 0x00007ffd5d881000 	C:\WINDOWS\SYSTEM32\DBGHELP.DLL
0x00007ffd60960000 - 0x00007ffd60cde000 	C:\WINDOWS\System32\combase.dll
0x00007ffd61fd0000 - 0x00007ffd620a6000 	C:\WINDOWS\System32\OLEAUT32.dll
0x00007ffd401a0000 - 0x00007ffd401d9000 	C:\WINDOWS\SYSTEM32\dbgcore.DLL
0x00007ffd604d0000 - 0x00007ffd60569000 	C:\WINDOWS\System32\bcryptPrimitives.dll
0x00007ffd4d570000 - 0x00007ffd4d57e000 	c:\Users\rodri\.vscode\extensions\redhat.java-1.37.0-win32-x64\jre\17.0.13-win32-x86_64\bin\instrument.dll
0x00007ffd21e90000 - 0x00007ffd21eb5000 	c:\Users\rodri\.vscode\extensions\redhat.java-1.37.0-win32-x64\jre\17.0.13-win32-x86_64\bin\java.dll
0x00007ffd38b80000 - 0x00007ffd38b98000 	c:\Users\rodri\.vscode\extensions\redhat.java-1.37.0-win32-x64\jre\17.0.13-win32-x86_64\bin\zip.dll
0x00007ffd620b0000 - 0x00007ffd627b0000 	C:\WINDOWS\System32\SHELL32.dll
0x00007ffd5dba0000 - 0x00007ffd5e3d1000 	C:\WINDOWS\SYSTEM32\windows.storage.dll
0x00007ffd61ce0000 - 0x00007ffd61dba000 	C:\WINDOWS\System32\SHCORE.dll
0x00007ffd619d0000 - 0x00007ffd61a2d000 	C:\WINDOWS\System32\shlwapi.dll
0x00007ffd5fde0000 - 0x00007ffd5fe0e000 	C:\WINDOWS\SYSTEM32\profapi.dll
0x00007ffd382a0000 - 0x00007ffd382b9000 	C:\Users\rodri\.vscode\extensions\redhat.java-1.37.0-win32-x64\jre\17.0.13-win32-x86_64\bin\net.dll
0x00007ffd5bdc0000 - 0x00007ffd5bee6000 	C:\WINDOWS\SYSTEM32\WINHTTP.dll
0x00007ffd5f1f0000 - 0x00007ffd5f258000 	C:\WINDOWS\system32\mswsock.dll
0x00007ffd29600000 - 0x00007ffd29616000 	C:\Users\rodri\.vscode\extensions\redhat.java-1.37.0-win32-x64\jre\17.0.13-win32-x86_64\bin\nio.dll
0x00007ffd4c260000 - 0x00007ffd4c270000 	c:\Users\rodri\.vscode\extensions\redhat.java-1.37.0-win32-x64\jre\17.0.13-win32-x86_64\bin\verify.dll
0x00007ffd0c590000 - 0x00007ffd0c5d5000 	C:\Users\rodri\AppData\Roaming\Code\User\globalStorage\redhat.java\1.37.0\config_ss_win\org.eclipse.equinox.launcher\org.eclipse.equinox.launcher.win32.win32.x86_64_1.2.1100.v20240722-2106\eclipse_11904.dll
0x00007ffd61b40000 - 0x00007ffd61cd9000 	C:\WINDOWS\System32\ole32.dll
0x00007ffd4bec0000 - 0x00007ffd4beca000 	C:\Users\rodri\.vscode\extensions\redhat.java-1.37.0-win32-x64\jre\17.0.13-win32-x86_64\bin\management.dll
0x00007ffd476b0000 - 0x00007ffd476bb000 	C:\Users\rodri\.vscode\extensions\redhat.java-1.37.0-win32-x64\jre\17.0.13-win32-x86_64\bin\management_ext.dll
0x00007ffd61b30000 - 0x00007ffd61b38000 	C:\WINDOWS\System32\PSAPI.DLL
0x00007ffd5f4b0000 - 0x00007ffd5f4cc000 	C:\WINDOWS\SYSTEM32\CRYPTSP.dll
0x00007ffd5ec40000 - 0x00007ffd5ec78000 	C:\WINDOWS\system32\rsaenh.dll
0x00007ffd5f290000 - 0x00007ffd5f2bb000 	C:\WINDOWS\SYSTEM32\USERENV.dll
0x00007ffd5f6f0000 - 0x00007ffd5f716000 	C:\WINDOWS\SYSTEM32\bcrypt.dll
0x00007ffd5f4d0000 - 0x00007ffd5f4dc000 	C:\WINDOWS\SYSTEM32\CRYPTBASE.dll
0x00007ffd5e7a0000 - 0x00007ffd5e7d2000 	C:\WINDOWS\SYSTEM32\IPHLPAPI.DLL
0x00007ffd628f0000 - 0x00007ffd628fa000 	C:\WINDOWS\System32\NSI.dll
0x00007ffd5c110000 - 0x00007ffd5c12e000 	C:\WINDOWS\SYSTEM32\dhcpcsvc6.DLL
0x00007ffd5bef0000 - 0x00007ffd5bf15000 	C:\WINDOWS\SYSTEM32\dhcpcsvc.DLL
0x00007ffd5e870000 - 0x00007ffd5e995000 	C:\WINDOWS\SYSTEM32\DNSAPI.dll
0x00007ffd0b240000 - 0x00007ffd0b289000 	C:\Users\rodri\AppData\Local\Temp\jna-108687934\jna18440619609318853099.dll

dbghelp: loaded successfully - version: 4.0.5 - missing functions: none
symbol engine: initialized successfully - sym options: 0x614 - pdb path: .;c:\Users\rodri\.vscode\extensions\redhat.java-1.37.0-win32-x64\jre\17.0.13-win32-x86_64\bin;C:\WINDOWS\SYSTEM32;C:\WINDOWS\WinSxS\amd64_microsoft.windows.common-controls_6595b64144ccf1df_6.0.26100.2454_none_3e0b68a2e331ad60;c:\Users\rodri\.vscode\extensions\redhat.java-1.37.0-win32-x64\jre\17.0.13-win32-x86_64\bin\server;C:\Users\rodri\AppData\Roaming\Code\User\globalStorage\redhat.java\1.37.0\config_ss_win\org.eclipse.equinox.launcher\org.eclipse.equinox.launcher.win32.win32.x86_64_1.2.1100.v20240722-2106;C:\Users\rodri\AppData\Local\Temp\jna-108687934

VM Arguments:
jvm_args: --add-modules=ALL-SYSTEM --add-opens=java.base/java.util=ALL-UNNAMED --add-opens=java.base/java.lang=ALL-UNNAMED --add-opens=java.base/sun.nio.fs=ALL-UNNAMED -Declipse.application=org.eclipse.jdt.ls.core.id1 -Dosgi.bundles.defaultStartLevel=4 -Declipse.product=org.eclipse.jdt.ls.core.product -Djava.import.generatesMetadataFilesAtProjectRoot=false -DDetectVMInstallationsJob.disabled=true -Dfile.encoding=utf8 -XX:+UseParallelGC -XX:GCTimeRatio=4 -XX:AdaptiveSizePolicyWeight=90 -Dsun.zip.disableMemoryMapping=true -Xmx1G -Xms100m -Xlog:disable -javaagent:c:\Users\rodri\.vscode\extensions\redhat.java-1.37.0-win32-x64\lombok\lombok-1.18.34.jar 
java_command: c:\Users\rodri\.vscode\extensions\redhat.java-1.37.0-win32-x64\server\plugins\org.eclipse.equinox.launcher_1.6.900.v20240613-2009.jar -configuration c:\Users\rodri\AppData\Roaming\Code\User\globalStorage\redhat.java\1.37.0\config_ss_win -data c:\Users\rodri\AppData\Roaming\Code\User\workspaceStorage\4cee4f89dce1a812335ee0c48d369a7f\redhat.java\ss_ws --pipe=\\.\pipe\lsp-77e4ef5156790480dbe58c4097689db9-sock
java_class_path (initial): c:\Users\rodri\.vscode\extensions\redhat.java-1.37.0-win32-x64\server\plugins\org.eclipse.equinox.launcher_1.6.900.v20240613-2009.jar
Launcher Type: SUN_STANDARD

[Global flags]
    uintx AdaptiveSizePolicyWeight                 = 90                                        {product} {command line}
     intx CICompilerCount                          = 3                                         {product} {ergonomic}
    uintx GCTimeRatio                              = 4                                         {product} {command line}
   size_t InitialHeapSize                          = 104857600                                 {product} {command line}
   size_t MaxHeapSize                              = 1073741824                                {product} {command line}
   size_t MaxNewSize                               = 357564416                                 {product} {ergonomic}
   size_t MinHeapDeltaBytes                        = 524288                                    {product} {ergonomic}
   size_t MinHeapSize                              = 104857600                                 {product} {command line}
   size_t NewSize                                  = 34603008                                  {product} {ergonomic}
    uintx NonNMethodCodeHeapSize                   = 5832780                                {pd product} {ergonomic}
    uintx NonProfiledCodeHeapSize                  = 122912730                              {pd product} {ergonomic}
   size_t OldSize                                  = 70254592                                  {product} {ergonomic}
    uintx ProfiledCodeHeapSize                     = 122912730                              {pd product} {ergonomic}
    uintx ReservedCodeCacheSize                    = 251658240                              {pd product} {ergonomic}
     bool SegmentedCodeCache                       = true                                      {product} {ergonomic}
   size_t SoftMaxHeapSize                          = 1073741824                             {manageable} {ergonomic}
     bool UseCompressedClassPointers               = true                           {product lp64_product} {ergonomic}
     bool UseCompressedOops                        = true                           {product lp64_product} {ergonomic}
     bool UseLargePagesIndividualAllocation        = false                                  {pd product} {ergonomic}
     bool UseParallelGC                            = true                                      {product} {command line}

Logging:
Log output configuration:
 #0: stdout all=off uptime,level,tags
 #1: stderr all=off uptime,level,tags

Environment Variables:
JAVA_HOME=C:\Program Files\Java\jdk-21
PATH=C:\Program Files\Common Files\Oracle\Java\javapath;C:\WINDOWS\system32;C:\WINDOWS;C:\WINDOWS\System32\Wbem;C:\WINDOWS\System32\WindowsPowerShell\v1.0\;C:\WINDOWS\System32\OpenSSH\;C:\Program Files\Java\jdk-21\bin;C:\Program Files\nodejs\;C:\Program Files\git\bin;C:\Program Files\Git\cmd;C:\Program Files\Docker\Docker\resources\bin;C:\Program Files\Common Files\Oracle\Java\javapath;C:\WINDOWS\system32;C:\WINDOWS;C:\WINDOWS\System32\Wbem;C:\WINDOWS\System32\WindowsPowerShell\v1.0\;C:\WINDOWS\System32\OpenSSH\;C:\Program Files\Java\jdk-21\bin;C:\Program Files\nodejs\;C:\Program Files\Git\bin;C:\Users\rodri\AppData\Local\Microsoft\WindowsApps;C:\Users\rodri\AppData\Local\Programs\Microsoft VS Code\bin;C:\Users\rodri\AppData\Roaming\npm;C:\Users\rodri\git\bin;%USERPROFILE%\AppData\Local\Microsoft\WindowsApps;
USERNAME=rodri
OS=Windows_NT
PROCESSOR_IDENTIFIER=Intel64 Family 6 Model 140 Stepping 2, GenuineIntel
TMP=C:\Users\rodri\AppData\Local\Temp
TEMP=C:\Users\rodri\AppData\Local\Temp



Periodic native trim disabled


---------------  S Y S T E M  ---------------

OS:
 Windows 11 , 64 bit Build 26100 (10.0.26100.2454)
OS uptime: 2 days 7:17 hours
Hyper-V role detected

CPU: total 4 (initial active 4) (2 cores per cpu, 2 threads per core) family 6 model 140 stepping 2 microcode 0x26, cx8, cmov, fxsr, ht, mmx, 3dnowpref, sse, sse2, sse3, ssse3, sse4.1, sse4.2, popcnt, lzcnt, tsc, tscinvbit, avx, avx2, aes, erms, clmul, bmi1, bmi2, adx, avx512f, avx512dq, avx512cd, avx512bw, avx512vl, sha, fma, vzeroupper, avx512_vpopcntdq, avx512_vpclmulqdq, avx512_vaes, avx512_vnni, clflush, clflushopt, clwb, avx512_vbmi2, avx512_vbmi, hv
Processor Information for processor 0
  Max Mhz: 2995, Current Mhz: 998, Mhz Limit: 2995
Processor Information for processor 1
  Max Mhz: 2995, Current Mhz: 2995, Mhz Limit: 2995
Processor Information for processor 2
  Max Mhz: 2995, Current Mhz: 2995, Mhz Limit: 2995
Processor Information for processor 3
  Max Mhz: 2995, Current Mhz: 2995, Mhz Limit: 2995

Memory: 4k page, system-wide physical 3879M (36M free)
TotalPageFile size 15655M (AvailPageFile size 7M)
current process WorkingSet (physical memory assigned to process): 152M, peak: 155M
current process commit charge ("private bytes"): 256M, peak: 259M

vm_info: OpenJDK 64-Bit Server VM (17.0.13+11) for windows-amd64 JRE (17.0.13+11), built on Oct 16 2024 00:10:08 by "admin" with MS VC++ 17.7 (VS2022)

END.
