#
# There is insufficient memory for the Java Runtime Environment to continue.
# Native memory allocation (malloc) failed to allocate 1048576 bytes. Error detail: AllocateHeap
# Possible reasons:
#   The system is out of physical RAM or swap space
#   This process is running with CompressedOops enabled, and the Java Heap may be blocking the growth of the native heap
# Possible solutions:
#   Reduce memory load on the system
#   Increase physical memory or swap space
#   Check if swap backing store is full
#   Decrease Java heap size (-Xmx/-Xms)
#   Decrease number of Java threads
#   Decrease Java thread stack sizes (-Xss)
#   Set larger code cache with -XX:ReservedCodeCacheSize=
#   JVM is running with Unscaled Compressed Oops mode in which the Java heap is
#     placed in the first 4GB address space. The Java Heap base address is the
#     maximum limit for the native heap growth. Please use -XX:HeapBaseMinAddress
#     to set the Java Heap base and to place the Java Heap above 4GB virtual address.
# This output file may be truncated or incomplete.
#
#  Out of Memory Error (allocation.cpp:44), pid=12624, tid=55620
#
# JRE version:  (17.0.13+11) (build )
# Java VM: OpenJDK 64-Bit Server VM (17.0.13+11, mixed mode, tiered, compressed oops, compressed class ptrs, parallel gc, windows-amd64)
# No core dump will be written. Minidumps are not enabled by default on client versions of Windows
#

---------------  S U M M A R Y ------------

Command Line: --add-modules=ALL-SYSTEM --add-opens=java.base/java.util=ALL-UNNAMED --add-opens=java.base/java.lang=ALL-UNNAMED --add-opens=java.base/sun.nio.fs=ALL-UNNAMED -Declipse.application=org.eclipse.jdt.ls.core.id1 -Dosgi.bundles.defaultStartLevel=4 -Declipse.product=org.eclipse.jdt.ls.core.product -Djava.import.generatesMetadataFilesAtProjectRoot=false -DDetectVMInstallationsJob.disabled=true -Dfile.encoding=utf8 -XX:+UseParallelGC -XX:GCTimeRatio=4 -XX:AdaptiveSizePolicyWeight=90 -Dsun.zip.disableMemoryMapping=true -Xmx1G -Xms100m -Xlog:disable -javaagent:c:\Users\rodri\.vscode\extensions\redhat.java-1.38.0-win32-x64\lombok\lombok-1.18.34.jar c:\Users\rodri\.vscode\extensions\redhat.java-1.38.0-win32-x64\server\plugins\org.eclipse.equinox.launcher_1.6.900.v20240613-2009.jar -configuration c:\Users\rodri\AppData\Roaming\Code\User\globalStorage\redhat.java\1.38.0\config_ss_win -data c:\Users\rodri\AppData\Roaming\Code\User\workspaceStorage\90acf5605fc7aad32d69613530143076\redhat.java\ss_ws --pipe=\\.\pipe\lsp-6cf73614f9158a48242dafba64d83e75-sock

Host: 11th Gen Intel(R) Core(TM) i3-1115G4 @ 3.00GHz, 4 cores, 3G,  Windows 11 , 64 bit Build 26100 (10.0.26100.2454)
Time: Thu Jan  2 13:56:48 2025 Hora oficial do Brasil elapsed time: 0.447847 seconds (0d 0h 0m 0s)

---------------  T H R E A D  ---------------

Current thread (0x00000137173ea850):  JavaThread "Unknown thread" [_thread_in_vm, id=55620, stack(0x0000002841900000,0x0000002841a00000)]

Stack: [0x0000002841900000,0x0000002841a00000]
Native frames: (J=compiled Java code, j=interpreted, Vv=VM code, C=native code)
V  [jvm.dll+0x682a19]
V  [jvm.dll+0x839538]
V  [jvm.dll+0x83afe3]
V  [jvm.dll+0x83b653]
V  [jvm.dll+0x24704f]
V  [jvm.dll+0xa7543]
V  [jvm.dll+0x6b5fca]
V  [jvm.dll+0x6b6e73]
V  [jvm.dll+0x68f243]
V  [jvm.dll+0x80bb63]
V  [jvm.dll+0x36b514]
V  [jvm.dll+0x7e9e3f]
V  [jvm.dll+0x3f1d7f]
V  [jvm.dll+0x3f38b1]
C  [jli.dll+0x5278]
C  [ucrtbase.dll+0x14ea0]
C  [KERNEL32.DLL+0x2e8d7]
C  [ntdll.dll+0xdfbcc]


---------------  P R O C E S S  ---------------

Threads class SMR info:
_java_thread_list=0x00007ffc202b7f58, length=0, elements={
}

Java Threads: ( => current thread )

Other Threads:
  0x00000137173ffbd0 GCTaskThread "GC Thread#0" [stack: 0x0000002841a00000,0x0000002841b00000] [id=55468]

=>0x00000137173ea850 (exited) JavaThread "Unknown thread" [_thread_in_vm, id=55620, stack(0x0000002841900000,0x0000002841a00000)]

Threads with active compile tasks:

VM state: not at safepoint (normal execution)

VM Mutex/Monitor currently owned by a thread: None

Heap address: 0x00000000c0000000, size: 1024 MB, Compressed Oops mode: 32-bit

CDS archive(s) not mapped
Compressed class space mapped at: 0x0000000100000000-0x0000000140000000, reserved size: 1073741824
Narrow klass base: 0x0000000000000000, Narrow klass shift: 3, Narrow klass range: 0x140000000

GC Precious Log:
 CPUs: 4 total, 4 available
 Memory: 3879M
 Large Page Support: Disabled
 NUMA Support: Disabled
 Compressed Oops: Enabled (32-bit)
 Alignments: Space 512K, Generation 512K, Heap 2M
 Heap Min Capacity: 100M
 Heap Initial Capacity: 100M
 Heap Max Capacity: 1G
 Pre-touch: Disabled
 Parallel Workers: 4

Heap:
 PSYoungGen      total 29696K, used 512K [0x00000000eab00000, 0x00000000ecc00000, 0x0000000100000000)
  eden space 25600K, 2% used [0x00000000eab00000,0x00000000eab80070,0x00000000ec400000)
  from space 4096K, 0% used [0x00000000ec800000,0x00000000ec800000,0x00000000ecc00000)
  to   space 4096K, 0% used [0x00000000ec400000,0x00000000ec400000,0x00000000ec800000)
 ParOldGen       total 68608K, used 0K [0x00000000c0000000, 0x00000000c4300000, 0x00000000eab00000)
  object space 68608K, 0% used [0x00000000c0000000,0x00000000c0000000,0x00000000c4300000)
 Metaspace       used 1149K, committed 1216K, reserved 1114112K
  class space    used 101K, committed 128K, reserved 1048576K

Card table byte_map: [0x0000013716d80000,0x0000013716f90000] _byte_map_base: 0x0000013716780000

Marking Bits: (ParMarkBitMap*) 0x00007ffc20326940
 Begin Bits: [0x0000013729080000, 0x000001372a080000)
 End Bits:   [0x000001372a080000, 0x000001372b080000)

Polling page: 0x00000137154d0000

Metaspace:

Usage:
  Non-class:      1.02 MB used.
      Class:    101.05 KB used.
       Both:      1.12 MB used.

Virtual space:
  Non-class space:       64.00 MB reserved,       1.06 MB (  2%) committed,  1 nodes.
      Class space:        1.00 GB reserved,     128.00 KB ( <1%) committed,  1 nodes.
             Both:        1.06 GB reserved,       1.19 MB ( <1%) committed. 

Chunk freelists:
   Non-Class:  12.00 MB
       Class:  15.75 MB
        Both:  27.75 MB

MaxMetaspaceSize: unlimited
CompressedClassSpaceSize: 1.00 GB
Initial GC threshold: 21.00 MB
Current GC threshold: 17179869184.00 GB
CDS: off
MetaspaceReclaimPolicy: balanced
 - commit_granule_bytes: 65536.
 - commit_granule_words: 8192.
 - virtual_space_node_default_size: 8388608.
 - enlarge_chunks_in_place: 1.
 - new_chunks_are_fully_committed: 0.
 - uncommit_free_chunks: 1.
 - use_allocation_guard: 0.
 - handle_deallocations: 1.


Internal statistics:

num_allocs_failed_limit: 0.
num_arena_births: 2.
num_arena_deaths: 0.
num_vsnodes_births: 2.
num_vsnodes_deaths: 0.
num_space_committed: 19.
num_space_uncommitted: 0.
num_chunks_returned_to_freelist: 0.
num_chunks_taken_from_freelist: 3.
num_chunk_merges: 0.
num_chunk_splits: 2.
num_chunks_enlarged: 0.
num_inconsistent_stats: 0.

CodeHeap 'non-profiled nmethods': size=120000Kb used=0Kb max_used=0Kb free=120000Kb
 bounds [0x0000013721b50000, 0x0000013721dc0000, 0x0000013729080000]
CodeHeap 'profiled nmethods': size=120000Kb used=0Kb max_used=0Kb free=120000Kb
 bounds [0x000001371a080000, 0x000001371a2f0000, 0x00000137215b0000]
CodeHeap 'non-nmethods': size=5760Kb used=209Kb max_used=360Kb free=5550Kb
 bounds [0x00000137215b0000, 0x0000013721820000, 0x0000013721b50000]
 total_blobs=66 nmethods=0 adapters=47
 compilation: enabled
              stopped_count=0, restarted_count=0
 full_count=0

Compilation events (0 events):
No events

GC Heap History (0 events):
No events

Dll operation events (1 events):
Event: 0.359 Loaded shared library c:\Users\rodri\.vscode\extensions\redhat.java-1.38.0-win32-x64\jre\17.0.13-win32-x86_64\bin\java.dll

Deoptimization events (0 events):
No events

Classes loaded (20 events):
Event: 0.406 Loading class java/lang/Long
Event: 0.407 Loading class java/lang/Long done
Event: 0.407 Loading class java/util/Iterator
Event: 0.407 Loading class java/util/Iterator done
Event: 0.407 Loading class java/lang/reflect/RecordComponent
Event: 0.407 Loading class java/lang/reflect/RecordComponent done
Event: 0.407 Loading class jdk/internal/vm/vector/VectorSupport
Event: 0.419 Loading class jdk/internal/vm/vector/VectorSupport done
Event: 0.419 Loading class jdk/internal/vm/vector/VectorSupport$VectorPayload
Event: 0.419 Loading class jdk/internal/vm/vector/VectorSupport$VectorPayload done
Event: 0.419 Loading class jdk/internal/vm/vector/VectorSupport$Vector
Event: 0.419 Loading class jdk/internal/vm/vector/VectorSupport$Vector done
Event: 0.419 Loading class jdk/internal/vm/vector/VectorSupport$VectorMask
Event: 0.419 Loading class jdk/internal/vm/vector/VectorSupport$VectorMask done
Event: 0.419 Loading class jdk/internal/vm/vector/VectorSupport$VectorShuffle
Event: 0.419 Loading class jdk/internal/vm/vector/VectorSupport$VectorShuffle done
Event: 0.430 Loading class java/lang/NullPointerException
Event: 0.430 Loading class java/lang/NullPointerException done
Event: 0.430 Loading class java/lang/ArithmeticException
Event: 0.430 Loading class java/lang/ArithmeticException done

Classes unloaded (0 events):
No events

Classes redefined (0 events):
No events

Internal exceptions (0 events):
No events

VM Operations (0 events):
No events

Memory protections (0 events):
No events

Nmethod flushes (0 events):
No events

Events (0 events):
No events


Dynamic libraries:
0x00007ff6cddb0000 - 0x00007ff6cddbe000 	c:\Users\rodri\.vscode\extensions\redhat.java-1.38.0-win32-x64\jre\17.0.13-win32-x86_64\bin\java.exe
0x00007ffcc50a0000 - 0x00007ffcc5303000 	C:\WINDOWS\SYSTEM32\ntdll.dll
0x00007ffcc4060000 - 0x00007ffcc4128000 	C:\WINDOWS\System32\KERNEL32.DLL
0x00007ffcc2470000 - 0x00007ffcc2822000 	C:\WINDOWS\System32\KERNELBASE.dll
0x00007ffcc2a70000 - 0x00007ffcc2bbb000 	C:\WINDOWS\System32\ucrtbase.dll
0x00007ffcaf7b0000 - 0x00007ffcaf7c7000 	c:\Users\rodri\.vscode\extensions\redhat.java-1.38.0-win32-x64\jre\17.0.13-win32-x86_64\bin\jli.dll
0x00007ffcc3700000 - 0x00007ffcc38c8000 	C:\WINDOWS\System32\USER32.dll
0x00007ffcc2830000 - 0x00007ffcc2857000 	C:\WINDOWS\System32\win32u.dll
0x00007ffcc4220000 - 0x00007ffcc424a000 	C:\WINDOWS\System32\GDI32.dll
0x00007ffcc2d40000 - 0x00007ffcc2e6b000 	C:\WINDOWS\System32\gdi32full.dll
0x00007ffcc29c0000 - 0x00007ffcc2a63000 	C:\WINDOWS\System32\msvcp_win.dll
0x00007ffcaf780000 - 0x00007ffcaf79e000 	c:\Users\rodri\.vscode\extensions\redhat.java-1.38.0-win32-x64\jre\17.0.13-win32-x86_64\bin\VCRUNTIME140.dll
0x00007ffcad2b0000 - 0x00007ffcad540000 	C:\WINDOWS\WinSxS\amd64_microsoft.windows.common-controls_6595b64144ccf1df_6.0.26100.2454_none_3e0b68a2e331ad60\COMCTL32.dll
0x00007ffcc3fb0000 - 0x00007ffcc4059000 	C:\WINDOWS\System32\msvcrt.dll
0x00007ffcc3f70000 - 0x00007ffcc3f9f000 	C:\WINDOWS\System32\IMM32.DLL
0x00007ffcac5a0000 - 0x00007ffcac5ac000 	c:\Users\rodri\.vscode\extensions\redhat.java-1.38.0-win32-x64\jre\17.0.13-win32-x86_64\bin\vcruntime140_1.dll
0x00007ffc696a0000 - 0x00007ffc6972d000 	c:\Users\rodri\.vscode\extensions\redhat.java-1.38.0-win32-x64\jre\17.0.13-win32-x86_64\bin\msvcp140.dll
0x00007ffc1f780000 - 0x00007ffc203eb000 	c:\Users\rodri\.vscode\extensions\redhat.java-1.38.0-win32-x64\jre\17.0.13-win32-x86_64\bin\server\jvm.dll
0x00007ffcc3290000 - 0x00007ffcc3344000 	C:\WINDOWS\System32\ADVAPI32.dll
0x00007ffcc3470000 - 0x00007ffcc3516000 	C:\WINDOWS\System32\sechost.dll
0x00007ffcc3c30000 - 0x00007ffcc3d46000 	C:\WINDOWS\System32\RPCRT4.dll
0x00007ffcc33f0000 - 0x00007ffcc3464000 	C:\WINDOWS\System32\WS2_32.dll
0x00007ffcc2300000 - 0x00007ffcc234e000 	C:\WINDOWS\SYSTEM32\POWRPROF.dll
0x00007ffcb7ea0000 - 0x00007ffcb7ed6000 	C:\WINDOWS\SYSTEM32\WINMM.dll
0x00007ffcb0b10000 - 0x00007ffcb0b1b000 	C:\WINDOWS\SYSTEM32\VERSION.dll
0x00007ffcc22e0000 - 0x00007ffcc22f4000 	C:\WINDOWS\SYSTEM32\UMPDC.dll
0x00007ffcc1280000 - 0x00007ffcc129a000 	C:\WINDOWS\SYSTEM32\kernel.appcore.dll
0x00007ffcac520000 - 0x00007ffcac52a000 	c:\Users\rodri\.vscode\extensions\redhat.java-1.38.0-win32-x64\jre\17.0.13-win32-x86_64\bin\jimage.dll
0x00007ffcbf2a0000 - 0x00007ffcbf4e1000 	C:\WINDOWS\SYSTEM32\DBGHELP.DLL
0x00007ffcc2f00000 - 0x00007ffcc327e000 	C:\WINDOWS\System32\combase.dll
0x00007ffcc4860000 - 0x00007ffcc4936000 	C:\WINDOWS\System32\OLEAUT32.dll
0x00007ffc9d6a0000 - 0x00007ffc9d6d9000 	C:\WINDOWS\SYSTEM32\dbgcore.DLL
0x00007ffcc2860000 - 0x00007ffcc28f9000 	C:\WINDOWS\System32\bcryptPrimitives.dll
0x00007ffcab3a0000 - 0x00007ffcab3ae000 	c:\Users\rodri\.vscode\extensions\redhat.java-1.38.0-win32-x64\jre\17.0.13-win32-x86_64\bin\instrument.dll
0x00007ffc967d0000 - 0x00007ffc967f5000 	c:\Users\rodri\.vscode\extensions\redhat.java-1.38.0-win32-x64\jre\17.0.13-win32-x86_64\bin\java.dll
0x00007ffc89470000 - 0x00007ffc89488000 	c:\Users\rodri\.vscode\extensions\redhat.java-1.38.0-win32-x64\jre\17.0.13-win32-x86_64\bin\zip.dll

dbghelp: loaded successfully - version: 4.0.5 - missing functions: none
symbol engine: initialized successfully - sym options: 0x614 - pdb path: .;c:\Users\rodri\.vscode\extensions\redhat.java-1.38.0-win32-x64\jre\17.0.13-win32-x86_64\bin;C:\WINDOWS\SYSTEM32;C:\WINDOWS\WinSxS\amd64_microsoft.windows.common-controls_6595b64144ccf1df_6.0.26100.2454_none_3e0b68a2e331ad60;c:\Users\rodri\.vscode\extensions\redhat.java-1.38.0-win32-x64\jre\17.0.13-win32-x86_64\bin\server

VM Arguments:
jvm_args: --add-modules=ALL-SYSTEM --add-opens=java.base/java.util=ALL-UNNAMED --add-opens=java.base/java.lang=ALL-UNNAMED --add-opens=java.base/sun.nio.fs=ALL-UNNAMED -Declipse.application=org.eclipse.jdt.ls.core.id1 -Dosgi.bundles.defaultStartLevel=4 -Declipse.product=org.eclipse.jdt.ls.core.product -Djava.import.generatesMetadataFilesAtProjectRoot=false -DDetectVMInstallationsJob.disabled=true -Dfile.encoding=utf8 -XX:+UseParallelGC -XX:GCTimeRatio=4 -XX:AdaptiveSizePolicyWeight=90 -Dsun.zip.disableMemoryMapping=true -Xmx1G -Xms100m -Xlog:disable -javaagent:c:\Users\rodri\.vscode\extensions\redhat.java-1.38.0-win32-x64\lombok\lombok-1.18.34.jar 
java_command: c:\Users\rodri\.vscode\extensions\redhat.java-1.38.0-win32-x64\server\plugins\org.eclipse.equinox.launcher_1.6.900.v20240613-2009.jar -configuration c:\Users\rodri\AppData\Roaming\Code\User\globalStorage\redhat.java\1.38.0\config_ss_win -data c:\Users\rodri\AppData\Roaming\Code\User\workspaceStorage\90acf5605fc7aad32d69613530143076\redhat.java\ss_ws --pipe=\\.\pipe\lsp-6cf73614f9158a48242dafba64d83e75-sock
java_class_path (initial): c:\Users\rodri\.vscode\extensions\redhat.java-1.38.0-win32-x64\server\plugins\org.eclipse.equinox.launcher_1.6.900.v20240613-2009.jar
Launcher Type: SUN_STANDARD

[Global flags]
    uintx AdaptiveSizePolicyWeight                 = 90                                        {product} {command line}
     intx CICompilerCount                          = 3                                         {product} {ergonomic}
    uintx GCTimeRatio                              = 4                                         {product} {command line}
   size_t InitialHeapSize                          = 104857600                                 {product} {command line}
   size_t MaxHeapSize                              = 1073741824                                {product} {command line}
   size_t MaxNewSize                               = 357564416                                 {product} {ergonomic}
   size_t MinHeapDeltaBytes                        = 524288                                    {product} {ergonomic}
   size_t MinHeapSize                              = 104857600                                 {product} {command line}
   size_t NewSize                                  = 34603008                                  {product} {ergonomic}
    uintx NonNMethodCodeHeapSize                   = 5832780                                {pd product} {ergonomic}
    uintx NonProfiledCodeHeapSize                  = 122912730                              {pd product} {ergonomic}
   size_t OldSize                                  = 70254592                                  {product} {ergonomic}
    uintx ProfiledCodeHeapSize                     = 122912730                              {pd product} {ergonomic}
    uintx ReservedCodeCacheSize                    = 251658240                              {pd product} {ergonomic}
     bool SegmentedCodeCache                       = true                                      {product} {ergonomic}
   size_t SoftMaxHeapSize                          = 1073741824                             {manageable} {ergonomic}
     bool UseCompressedClassPointers               = true                           {product lp64_product} {ergonomic}
     bool UseCompressedOops                        = true                           {product lp64_product} {ergonomic}
     bool UseLargePagesIndividualAllocation        = false                                  {pd product} {ergonomic}
     bool UseParallelGC                            = true                                      {product} {command line}

Logging:
Log output configuration:
 #0: stdout all=off uptime,level,tags
 #1: stderr all=off uptime,level,tags

Environment Variables:
JAVA_HOME=C:\Program Files\Java\jdk-21
PATH=C:\Program Files\Common Files\Oracle\Java\javapath;C:\WINDOWS\system32;C:\WINDOWS;C:\WINDOWS\System32\Wbem;C:\WINDOWS\System32\WindowsPowerShell\v1.0\;C:\WINDOWS\System32\OpenSSH\;C:\Program Files\Java\jdk-21\bin;C:\Program Files\nodejs\;C:\Program Files\git\bin;C:\Program Files\Git\cmd;C:\Program Files\Docker\Docker\resources\bin;C:\Program Files\Common Files\Oracle\Java\javapath;C:\WINDOWS\system32;C:\WINDOWS;C:\WINDOWS\System32\Wbem;C:\WINDOWS\System32\WindowsPowerShell\v1.0\;C:\WINDOWS\System32\OpenSSH\;C:\Program Files\Java\jdk-21\bin;C:\Program Files\nodejs\;C:\Program Files\Git\bin;C:\Users\rodri\AppData\Local\Microsoft\WindowsApps;C:\Users\rodri\AppData\Local\Programs\Microsoft VS Code\bin;C:\Users\rodri\AppData\Roaming\npm;C:\Users\rodri\git\bin;%USERPROFILE%\AppData\Local\Microsoft\WindowsApps;
USERNAME=rodri
OS=Windows_NT
PROCESSOR_IDENTIFIER=Intel64 Family 6 Model 140 Stepping 2, GenuineIntel
TMP=C:\Users\rodri\AppData\Local\Temp
TEMP=C:\Users\rodri\AppData\Local\Temp



Periodic native trim disabled


---------------  S Y S T E M  ---------------

OS:
 Windows 11 , 64 bit Build 26100 (10.0.26100.2454)
OS uptime: 2 days 23:05 hours
Hyper-V role detected

CPU: total 4 (initial active 4) (2 cores per cpu, 2 threads per core) family 6 model 140 stepping 2 microcode 0x26, cx8, cmov, fxsr, ht, mmx, 3dnowpref, sse, sse2, sse3, ssse3, sse4.1, sse4.2, popcnt, lzcnt, tsc, tscinvbit, avx, avx2, aes, erms, clmul, bmi1, bmi2, adx, avx512f, avx512dq, avx512cd, avx512bw, avx512vl, sha, fma, vzeroupper, avx512_vpopcntdq, avx512_vpclmulqdq, avx512_vaes, avx512_vnni, clflush, clflushopt, clwb, avx512_vbmi2, avx512_vbmi, hv
Processor Information for all 4 processors :
  Max Mhz: 2995, Current Mhz: 2995, Mhz Limit: 2995

Memory: 4k page, system-wide physical 3879M (23M free)
TotalPageFile size 15655M (AvailPageFile size 48M)
current process WorkingSet (physical memory assigned to process): 17M, peak: 17M
current process commit charge ("private bytes"): 157M, peak: 158M

vm_info: OpenJDK 64-Bit Server VM (17.0.13+11) for windows-amd64 JRE (17.0.13+11), built on Oct 16 2024 00:10:08 by "admin" with MS VC++ 17.7 (VS2022)

END.
